[ Info: Checking the chosen multipole ⏳
[ Info: Check passed ✅
[ Info: Checking the chosen component of the Power Spectrum ⏳
[ Info: Check passed ✅
[ Info: Loading input dataframe ⏳
[ Info: Loaded input dataframe ✅
[ Info: Performing preprocessing of data ⏳
[ Info: Preprocessing completed ✅
[ Info: Initializing training ⏳
[ Info: First training round
┌ Info: Initial Loss: 
└   string(initial_test_loss) = "22082.54627468378"
┌ Info: η is equal to:
└   string(η) = "0.0001"
┌ Info: Loss:
│   train = 3.7418171642299827
└   test = 0.9944243703271353
┌ Info: Saving coefficients! Test loss is equal to:
└   test = 0.9944243703271353
┌ Info: Loss:
│   train = 2.3173687612167573
└   test = 0.609626549018575
┌ Info: Saving coefficients! Test loss is equal to:
└   test = 0.609626549018575
┌ Info: Loss:
│   train = 2.2357240783742927
└   test = 0.5891923243682302
┌ Info: Saving coefficients! Test loss is equal to:
└   test = 0.5891923243682302
┌ Info: Loss:
│   train = 1.3018034730531576
└   test = 0.34777586299705665
┌ Info: Saving coefficients! Test loss is equal to:
└   test = 0.34777586299705665
┌ Info: Loss:
│   train = 1.244217244646146
└   test = 0.33227240175439654
┌ Info: Saving coefficients! Test loss is equal to:
└   test = 0.33227240175439654
┌ Info: Loss:
│   train = 0.9794413238174664
└   test = 0.2613571078993404
┌ Info: Saving coefficients! Test loss is equal to:
└   test = 0.2613571078993404
┌ Info: Loss:
│   train = 0.9696274759192606
└   test = 0.2563041890771911
┌ Info: Saving coefficients! Test loss is equal to:
└   test = 0.2563041890771911
┌ Info: Loss:
│   train = 0.9391280993969577
└   test = 0.24767490302462802
┌ Info: Saving coefficients! Test loss is equal to:
└   test = 0.24767490302462802
┌ Info: Loss:
│   train = 0.9340798876995309
└   test = 0.24534065026130877
┌ Info: Saving coefficients! Test loss is equal to:
└   test = 0.24534065026130877
┌ Info: Loss:
│   train = 0.6814618496069567
└   test = 0.18234890837194412
┌ Info: Saving coefficients! Test loss is equal to:
└   test = 0.18234890837194412
┌ Info: Loss:
│   train = 0.7609214542913946
└   test = 0.20054828325644583
┌ Info: Loss:
│   train = 0.6627959066593683
└   test = 0.17593664922702135
┌ Info: Saving coefficients! Test loss is equal to:
└   test = 0.17593664922702135
┌ Info: Loss:
│   train = 0.7396409660545652
└   test = 0.1929381707561712
┌ Info: Loss:
│   train = 0.5860539977670682
└   test = 0.1550811633722028
┌ Info: Saving coefficients! Test loss is equal to:
└   test = 0.1550811633722028
┌ Info: Loss:
│   train = 0.5381227654125014
└   test = 0.14304388347665242
┌ Info: Saving coefficients! Test loss is equal to:
└   test = 0.14304388347665242
┌ Info: Loss:
│   train = 0.5460481767777348
└   test = 0.14495097546979646
┌ Info: Loss:
│   train = 0.5382087793411463
└   test = 0.14254424176488845
┌ Info: Saving coefficients! Test loss is equal to:
└   test = 0.14254424176488845
┌ Info: Loss:
│   train = 0.532728075625742
└   test = 0.1416154255625049
┌ Info: Saving coefficients! Test loss is equal to:
└   test = 0.1416154255625049
┌ Info: Loss:
│   train = 0.4000872853829682
└   test = 0.10779986306712608
┌ Info: Saving coefficients! Test loss is equal to:
└   test = 0.10779986306712608
┌ Info: Loss:
│   train = 0.4599571555470359
└   test = 0.1227527811454587
┌ Info: η is equal to:
└   string(η) = "7.0e-5"
┌ Info: Loss:
│   train = 0.40411224352358444
└   test = 0.1085148284082816
┌ Info: Loss:
│   train = 0.45781355939936164
└   test = 0.12176779717499071
┌ Info: Loss:
│   train = 0.4111281856883571
└   test = 0.1107910570363686
┌ Info: Loss:
│   train = 0.31241741854072347
└   test = 0.08624679119980455
┌ Info: Saving coefficients! Test loss is equal to:
└   test = 0.08624679119980455
┌ Info: Loss:
│   train = 0.30867117488877027
└   test = 0.08478800655300982
┌ Info: Saving coefficients! Test loss is equal to:
└   test = 0.08478800655300982
┌ Info: Loss:
│   train = 0.29451652149170726
└   test = 0.08188707677585746
┌ Info: Saving coefficients! Test loss is equal to:
└   test = 0.08188707677585746
┌ Info: Loss:
│   train = 0.2962848554300179
└   test = 0.08256290235191868
┌ Info: Loss:
│   train = 0.2938867427720274
└   test = 0.08177904824080925
┌ Info: Saving coefficients! Test loss is equal to:
└   test = 0.08177904824080925
┌ Info: Loss:
│   train = 0.3008746773426047
└   test = 0.08425537677201489
┌ Info: Loss:
│   train = 0.26508877259680674
└   test = 0.07477648908111233
┌ Info: Saving coefficients! Test loss is equal to:
└   test = 0.07477648908111233
┌ Info: Loss:
│   train = 0.24255624725615138
└   test = 0.06898567700467541
┌ Info: Saving coefficients! Test loss is equal to:
└   test = 0.06898567700467541
┌ Info: Loss:
│   train = 0.2720521073500717
└   test = 0.07586424561102934
┌ Info: Loss:
│   train = 0.3189740138398862
└   test = 0.08921729285921931
┌ Info: Loss:
│   train = 0.2433246338943115
└   test = 0.06978331095743995
┌ Info: Loss:
│   train = 0.23701219459791323
└   test = 0.06719044601606054
┌ Info: Saving coefficients! Test loss is equal to:
└   test = 0.06719044601606054
┌ Info: Loss:
│   train = 0.19958096215310345
└   test = 0.05777287107772902
┌ Info: Saving coefficients! Test loss is equal to:
└   test = 0.05777287107772902
┌ Info: Loss:
│   train = 0.2265307932928372
└   test = 0.06498212769421158
┌ Info: Loss:
│   train = 0.1846417837885801
└   test = 0.054216745813169674
┌ Info: Saving coefficients! Test loss is equal to:
└   test = 0.054216745813169674
┌ Info: Loss:
│   train = 0.1975021950396856
└   test = 0.05754310342861251
┌ Info: Loss:
│   train = 0.18166356382971324
└   test = 0.05366897007609945
┌ Info: Saving coefficients! Test loss is equal to:
└   test = 0.05366897007609945
┌ Info: η is equal to:
└   string(η) = "5.0e-5"
┌ Info: Loss:
│   train = 0.2539484496451394
└   test = 0.07078370746710883
┌ Info: Loss:
│   train = 0.21452286923846375
└   test = 0.061605330983851715
┌ Info: Loss:
│   train = 0.21353320494856193
└   test = 0.06135327120633327
┌ Info: Loss:
│   train = 0.17070792761146641
└   test = 0.04991562524012706
┌ Info: Saving coefficients! Test loss is equal to:
└   test = 0.04991562524012706
┌ Info: Loss:
│   train = 0.2181054282441824
└   test = 0.06206458036395763
┌ Info: Loss:
│   train = 0.16828300828208415
└   test = 0.049207222813959235
┌ Info: Saving coefficients! Test loss is equal to:
└   test = 0.049207222813959235
┌ Info: Loss:
│   train = 0.1974790099554669
└   test = 0.05598595030627974
┌ Info: Loss:
│   train = 0.13441856508417277
└   test = 0.0403885453059381
┌ Info: Saving coefficients! Test loss is equal to:
└   test = 0.0403885453059381
┌ Info: Loss:
│   train = 0.16061152059500106
└   test = 0.04665533666436834
┌ Info: Loss:
│   train = 0.14053872823928404
└   test = 0.04187024058010934
┌ Info: Loss:
│   train = 0.1322158358973519
└   test = 0.03947494369167573
┌ Info: Saving coefficients! Test loss is equal to:
└   test = 0.03947494369167573
┌ Info: Loss:
│   train = 0.14287180241076772
└   test = 0.04216919366310202
┌ Info: Loss:
│   train = 0.13910767788802317
└   test = 0.04139178006524537
┌ Info: Loss:
│   train = 0.20993103704710392
└   test = 0.05934477786070699
┌ Info: Loss:
│   train = 0.12603616807932772
└   test = 0.03772255971461022
┌ Info: Saving coefficients! Test loss is equal to:
└   test = 0.03772255971461022
┌ Info: Loss:
│   train = 0.14359754582861106
└   test = 0.04176681323644982
┌ Info: Loss:
│   train = 0.1251736074515839
└   test = 0.03733837816672442
┌ Info: Saving coefficients! Test loss is equal to:
└   test = 0.03733837816672442
┌ Info: Loss:
│   train = 0.1240336166051174
└   test = 0.036979757620037204
┌ Info: Saving coefficients! Test loss is equal to:
└   test = 0.036979757620037204
┌ Info: Loss:
│   train = 0.11922987944385427
└   test = 0.035554105659509276
┌ Info: Saving coefficients! Test loss is equal to:
└   test = 0.035554105659509276
┌ Info: Loss:
│   train = 0.1606480191815737
└   test = 0.046570064469795405
┌ Info: η is equal to:
└   string(η) = "2.0e-5"
┌ Info: Loss:
│   train = 0.10966469043284999
└   test = 0.03303791622857843
┌ Info: Saving coefficients! Test loss is equal to:
└   test = 0.03303791622857843
┌ Info: Loss:
│   train = 0.10378643588298386
└   test = 0.031429797299672976
┌ Info: Saving coefficients! Test loss is equal to:
└   test = 0.031429797299672976
┌ Info: Loss:
│   train = 0.10374418671368921
└   test = 0.031360598511924395
┌ Info: Saving coefficients! Test loss is equal to:
└   test = 0.031360598511924395
┌ Info: Loss:
│   train = 0.09830572581443656
└   test = 0.030061518988485608
┌ Info: Saving coefficients! Test loss is equal to:
└   test = 0.030061518988485608
┌ Info: Loss:
│   train = 0.09738830629444126
└   test = 0.02959023492805734
┌ Info: Saving coefficients! Test loss is equal to:
└   test = 0.02959023492805734
┌ Info: Loss:
│   train = 0.09535438127609738
└   test = 0.029164325436849593
┌ Info: Saving coefficients! Test loss is equal to:
└   test = 0.029164325436849593
┌ Info: Loss:
│   train = 0.0981043631964465
└   test = 0.02959255426617522
┌ Info: Loss:
│   train = 0.102211860052194
└   test = 0.030886743737084887
┌ Info: Loss:
│   train = 0.09190336461539247
└   test = 0.028110040707668843
┌ Info: Saving coefficients! Test loss is equal to:
└   test = 0.028110040707668843
┌ Info: Loss:
│   train = 0.09290746642207218
└   test = 0.02834674709560086
┌ Info: Loss:
│   train = 0.08909268387529476
└   test = 0.027496836009933162
┌ Info: Saving coefficients! Test loss is equal to:
└   test = 0.027496836009933162
┌ Info: Loss:
│   train = 0.09328447468345258
└   test = 0.028326107669914963
┌ Info: Loss:
│   train = 0.0884623273055655
└   test = 0.026986747913617805
┌ Info: Saving coefficients! Test loss is equal to:
└   test = 0.026986747913617805
┌ Info: Loss:
│   train = 0.0884235760454645
└   test = 0.027070681615076655
┌ Info: Loss:
│   train = 0.08928742704616822
└   test = 0.027218266204967888
┌ Info: Loss:
│   train = 0.08651745390488533
└   test = 0.026410686110189693
┌ Info: Saving coefficients! Test loss is equal to:
└   test = 0.026410686110189693
┌ Info: Loss:
│   train = 0.08631314225231321
└   test = 0.026379730842990487
┌ Info: Saving coefficients! Test loss is equal to:
└   test = 0.026379730842990487
┌ Info: Loss:
│   train = 0.08459607728107718
└   test = 0.025901734033368946
┌ Info: Saving coefficients! Test loss is equal to:
└   test = 0.025901734033368946
┌ Info: Loss:
│   train = 0.08394510528216542
└   test = 0.02567996905465817
┌ Info: Saving coefficients! Test loss is equal to:
└   test = 0.02567996905465817
┌ Info: Loss:
│   train = 0.08986137036346759
└   test = 0.027250842530165784
┌ Info: η is equal to:
└   string(η) = "1.0e-5"
┌ Info: Loss:
│   train = 0.08442123629228276
└   test = 0.025792373235410303
┌ Info: Loss:
│   train = 0.07737098193891578
└   test = 0.0239831413697367
┌ Info: Saving coefficients! Test loss is equal to:
└   test = 0.0239831413697367
┌ Info: Loss:
│   train = 0.07693056980007977
└   test = 0.02381338334911136
┌ Info: Saving coefficients! Test loss is equal to:
└   test = 0.02381338334911136
┌ Info: Loss:
│   train = 0.08177114391419155
└   test = 0.0249163646623446
┌ Info: Loss:
│   train = 0.08287347280592523
└   test = 0.025150220701001966
┌ Info: Loss:
│   train = 0.07569106153350966
└   test = 0.02340015659423774
┌ Info: Saving coefficients! Test loss is equal to:
└   test = 0.02340015659423774
┌ Info: Loss:
│   train = 0.07653262114235171
└   test = 0.023442026203856867
┌ Info: Loss:
│   train = 0.07431203382223722
└   test = 0.023031888577211515
┌ Info: Saving coefficients! Test loss is equal to:
└   test = 0.023031888577211515
┌ Info: Loss:
│   train = 0.07475264077758295
└   test = 0.023090225256343473
┌ Info: Loss:
│   train = 0.07411977404731815
└   test = 0.02287042155747618
┌ Info: Saving coefficients! Test loss is equal to:
└   test = 0.02287042155747618
┌ Info: Loss:
│   train = 0.07844476576332965
└   test = 0.023867012503453914
┌ Info: Loss:
│   train = 0.07119490954489543
└   test = 0.022088875151276385
┌ Info: Saving coefficients! Test loss is equal to:
└   test = 0.022088875151276385
┌ Info: Loss:
│   train = 0.0761094676026681
└   test = 0.023200154088507247
┌ Info: Loss:
│   train = 0.07448604893199023
└   test = 0.023009073716596516
┌ Info: Loss:
│   train = 0.07203246732700876
└   test = 0.022239912588348947
┌ Info: Loss:
│   train = 0.07137966966148547
└   test = 0.022140281535247722
┌ Info: Loss:
│   train = 0.07040689953192086
└   test = 0.02184893649245783
┌ Info: Saving coefficients! Test loss is equal to:
└   test = 0.02184893649245783
┌ Info: Loss:
│   train = 0.07061861168047251
└   test = 0.02177300336087635
┌ Info: Saving coefficients! Test loss is equal to:
└   test = 0.02177300336087635
┌ Info: Loss:
│   train = 0.0688911345706575
└   test = 0.02133119424592049
┌ Info: Saving coefficients! Test loss is equal to:
└   test = 0.02133119424592049
┌ Info: Loss:
│   train = 0.07099183258845207
└   test = 0.0218327355139556
┌ Info: η is equal to:
└   string(η) = "9.0e-6"
┌ Info: Loss:
│   train = 0.06840997555420175
└   test = 0.021176544597317708
┌ Info: Saving coefficients! Test loss is equal to:
└   test = 0.021176544597317708
┌ Info: Loss:
│   train = 0.0670209743485933
└   test = 0.02080701621735767
┌ Info: Saving coefficients! Test loss is equal to:
└   test = 0.02080701621735767
┌ Info: Loss:
│   train = 0.06650297961109838
└   test = 0.02060209273363849
┌ Info: Saving coefficients! Test loss is equal to:
└   test = 0.02060209273363849
┌ Info: Loss:
│   train = 0.06602023241424794
└   test = 0.020654050266493036
┌ Info: Loss:
│   train = 0.06675901468048898
└   test = 0.020604901453368248
┌ Info: Loss:
│   train = 0.06482979970380681
└   test = 0.020225669909669185
┌ Info: Saving coefficients! Test loss is equal to:
└   test = 0.020225669909669185
┌ Info: Loss:
│   train = 0.06661483379846551
└   test = 0.020637223568051637
┌ Info: Loss:
│   train = 0.06742793874592515
└   test = 0.02076082812651213
┌ Info: Loss:
│   train = 0.0652661739597824
└   test = 0.02029535120999991
┌ Info: Loss:
│   train = 0.06530368333877228
└   test = 0.020217503098894224
┌ Info: Saving coefficients! Test loss is equal to:
└   test = 0.020217503098894224
┌ Info: Loss:
│   train = 0.06766531656450919
└   test = 0.020767886821580258
┌ Info: Loss:
│   train = 0.06390322376500718
└   test = 0.019791588297643426
┌ Info: Saving coefficients! Test loss is equal to:
└   test = 0.019791588297643426
┌ Info: Loss:
│   train = 0.06214687729939487
└   test = 0.019389540363563194
┌ Info: Saving coefficients! Test loss is equal to:
└   test = 0.019389540363563194
┌ Info: Loss:
│   train = 0.06394628455287729
└   test = 0.019880438960163907
┌ Info: Loss:
│   train = 0.06382817044845882
└   test = 0.019791637327247213
┌ Info: Loss:
│   train = 0.06276070810630077
└   test = 0.01949513267474115
┌ Info: Loss:
│   train = 0.06763049731996278
└   test = 0.020746398568259643
┌ Info: Loss:
│   train = 0.06125620144763036
└   test = 0.019037289829608
┌ Info: Saving coefficients! Test loss is equal to:
└   test = 0.019037289829608
┌ Info: Loss:
│   train = 0.06305374203524483
└   test = 0.019474752367696548
┌ Info: Loss:
│   train = 0.06047976985649586
└   test = 0.018796831623716256
┌ Info: Saving coefficients! Test loss is equal to:
└   test = 0.018796831623716256
┌ Info: η is equal to:
└   string(η) = "7.0e-6"
┌ Info: Loss:
│   train = 0.06339491516460866
└   test = 0.019641188494762877
┌ Info: Loss:
│   train = 0.059446608144431715
└   test = 0.018596118394000268
┌ Info: Saving coefficients! Test loss is equal to:
└   test = 0.018596118394000268
┌ Info: Loss:
│   train = 0.05989664315471852
└   test = 0.018653725486127003
┌ Info: Loss:
│   train = 0.059947716897619886
└   test = 0.018641415858210317
┌ Info: Loss:
│   train = 0.058506178597028946
└   test = 0.018288715119017473
┌ Info: Saving coefficients! Test loss is equal to:
└   test = 0.018288715119017473
┌ Info: Loss:
│   train = 0.060101193647889815
└   test = 0.018584988338157575
┌ Info: Loss:
│   train = 0.05984086070077413
└   test = 0.018522113082380963
┌ Info: Loss:
│   train = 0.05730846373050641
└   test = 0.017952115262781836
┌ Info: Saving coefficients! Test loss is equal to:
└   test = 0.017952115262781836
┌ Info: Loss:
│   train = 0.05758797323917196
└   test = 0.01798841877006275
┌ Info: Loss:
│   train = 0.0570962716346761
└   test = 0.017859336121410642
┌ Info: Saving coefficients! Test loss is equal to:
└   test = 0.017859336121410642
┌ Info: Loss:
│   train = 0.05707171525047303
└   test = 0.017852588262924747
┌ Info: Saving coefficients! Test loss is equal to:
└   test = 0.017852588262924747
┌ Info: Loss:
│   train = 0.0570969107130593
└   test = 0.017780806954354203
┌ Info: Saving coefficients! Test loss is equal to:
└   test = 0.017780806954354203
┌ Info: Loss:
│   train = 0.05727367275284409
└   test = 0.017871971003691006
┌ Info: Loss:
│   train = 0.05722502119978242
└   test = 0.01786682952388042
┌ Info: Loss:
│   train = 0.0575311117350482
└   test = 0.01787485786074084
┌ Info: Loss:
│   train = 0.05605735238511477
└   test = 0.017504265035030088
┌ Info: Saving coefficients! Test loss is equal to:
└   test = 0.017504265035030088
┌ Info: Loss:
│   train = 0.0556360812465181
└   test = 0.01746771026437501
┌ Info: Saving coefficients! Test loss is equal to:
└   test = 0.01746771026437501
┌ Info: Loss:
│   train = 0.056244462175531154
└   test = 0.017520210914094347
┌ Info: Loss:
│   train = 0.05644351435456493
└   test = 0.017521233053892596
┌ Info: Loss:
│   train = 0.055756362429086784
└   test = 0.01735304213243799
┌ Info: Saving coefficients! Test loss is equal to:
└   test = 0.01735304213243799
┌ Info: η is equal to:
└   string(η) = "3.0e-6"
┌ Info: Loss:
│   train = 0.05443749080307111
└   test = 0.017074740003070424
┌ Info: Saving coefficients! Test loss is equal to:
└   test = 0.017074740003070424
┌ Info: Loss:
│   train = 0.05575437306053041
└   test = 0.017420929999563618
┌ Info: Loss:
│   train = 0.05405360838819254
└   test = 0.016983021476337404
┌ Info: Saving coefficients! Test loss is equal to:
└   test = 0.016983021476337404
┌ Info: Loss:
│   train = 0.05367138960897426
└   test = 0.016886956620171565
┌ Info: Saving coefficients! Test loss is equal to:
└   test = 0.016886956620171565
┌ Info: Loss:
│   train = 0.05336657239181764
└   test = 0.016762862965485684
┌ Info: Saving coefficients! Test loss is equal to:
└   test = 0.016762862965485684
┌ Info: Loss:
│   train = 0.053585659088081425
└   test = 0.016833030520793688
┌ Info: Loss:
│   train = 0.05306540952400251
└   test = 0.016650785436042814
┌ Info: Saving coefficients! Test loss is equal to:
└   test = 0.016650785436042814
┌ Info: Loss:
│   train = 0.052871169223511656
└   test = 0.016588364257701514
┌ Info: Saving coefficients! Test loss is equal to:
└   test = 0.016588364257701514
┌ Info: Loss:
│   train = 0.0536035405448612
└   test = 0.016780743498785923
┌ Info: Loss:
│   train = 0.053003687034623784
└   test = 0.016651255979964932
┌ Info: Loss:
│   train = 0.05284617469038398
└   test = 0.016602485218207806
┌ Info: Loss:
│   train = 0.05287383147762898
└   test = 0.016624486414063784
┌ Info: Loss:
│   train = 0.05295471503502663
└   test = 0.01666518066549485
┌ Info: Loss:
│   train = 0.05233980417577514
└   test = 0.016438209227119055
┌ Info: Saving coefficients! Test loss is equal to:
└   test = 0.016438209227119055
┌ Info: Loss:
│   train = 0.05287378979092889
└   test = 0.016566623716284708
┌ Info: Loss:
│   train = 0.051941459649848774
└   test = 0.016321476730283113
┌ Info: Saving coefficients! Test loss is equal to:
└   test = 0.016321476730283113
┌ Info: Loss:
│   train = 0.05320441742716454
└   test = 0.016633354147118605
┌ Info: Loss:
│   train = 0.05173141097001138
└   test = 0.016218983977591292
┌ Info: Saving coefficients! Test loss is equal to:
└   test = 0.016218983977591292
┌ Info: Loss:
│   train = 0.051944810493704925
└   test = 0.01633207650115385
┌ Info: Loss:
│   train = 0.05172230564588437
└   test = 0.016274043840610493
┌ Info: η is equal to:
└   string(η) = "1.0e-6"
┌ Info: Loss:
│   train = 0.05076951409413337
└   test = 0.016027169392458962
┌ Info: Saving coefficients! Test loss is equal to:
└   test = 0.016027169392458962
┌ Info: Loss:
│   train = 0.051149675006706294
└   test = 0.016120521006147366
┌ Info: Loss:
│   train = 0.0512029991806988
└   test = 0.01613429372952315
┌ Info: Loss:
│   train = 0.05111608263679442
└   test = 0.016107011506672334
┌ Info: Loss:
│   train = 0.05076831481100111
└   test = 0.01601733113678312
┌ Info: Saving coefficients! Test loss is equal to:
└   test = 0.01601733113678312
┌ Info: Loss:
│   train = 0.05061915066035352
└   test = 0.015990783249587803
┌ Info: Saving coefficients! Test loss is equal to:
└   test = 0.015990783249587803
┌ Info: Loss:
│   train = 0.05060529658031891
└   test = 0.015974022700823584
┌ Info: Saving coefficients! Test loss is equal to:
└   test = 0.015974022700823584
┌ Info: Loss:
│   train = 0.050500122905251535
└   test = 0.015912082737090674
┌ Info: Saving coefficients! Test loss is equal to:
└   test = 0.015912082737090674
┌ Info: Loss:
│   train = 0.05041757657834998
└   test = 0.01591503934759803
┌ Info: Loss:
│   train = 0.05075566470388285
└   test = 0.016011673993640053
┌ Info: Loss:
│   train = 0.05044120970613158
└   test = 0.01590292325636431
┌ Info: Saving coefficients! Test loss is equal to:
└   test = 0.01590292325636431
┌ Info: Loss:
│   train = 0.05056491448744827
└   test = 0.015953531044667117
┌ Info: Loss:
│   train = 0.05025847313047461
└   test = 0.01587535429796587
┌ Info: Saving coefficients! Test loss is equal to:
└   test = 0.01587535429796587
┌ Info: Loss:
│   train = 0.050118000340536636
└   test = 0.015805813850794735
┌ Info: Saving coefficients! Test loss is equal to:
└   test = 0.015805813850794735
┌ Info: Loss:
│   train = 0.050142901615905275
└   test = 0.01581954111894348
┌ Info: Loss:
│   train = 0.0500848330176548
└   test = 0.01582840520005106
┌ Info: Loss:
│   train = 0.050044772749365
└   test = 0.015789429566077987
┌ Info: Saving coefficients! Test loss is equal to:
└   test = 0.015789429566077987
┌ Info: Loss:
│   train = 0.04996684835753462
└   test = 0.015794024609642486
┌ Info: Loss:
│   train = 0.05016833402672084
└   test = 0.015821486037131443
┌ Info: Loss:
│   train = 0.04998271763302098
└   test = 0.015788411677189352
┌ Info: Saving coefficients! Test loss is equal to:
└   test = 0.015788411677189352
[ Info: Second Training round
┌ Info: η is equal to:
└   string(7.0e-7) = "7.0e-7"
┌ Info: Loss:
│   train = 0.04965528636410546
└   test = 0.015677408253647572
┌ Info: Saving coefficients! Test loss is equal to:
└   test = 0.015677408253647572
┌ Info: η is equal to:
└   string(7.0e-7) = "7.0e-7"
┌ Info: Loss:
│   train = 0.049628866136994174
└   test = 0.01566660983114883
┌ Info: Saving coefficients! Test loss is equal to:
└   test = 0.01566660983114883
┌ Info: η is equal to:
└   string(7.0e-7) = "7.0e-7"
┌ Info: Loss:
│   train = 0.049351960689639665
└   test = 0.015575502394390246
┌ Info: Saving coefficients! Test loss is equal to:
└   test = 0.015575502394390246
┌ Info: η is equal to:
└   string(7.0e-7) = "7.0e-7"
┌ Info: Loss:
│   train = 0.049234600520884506
└   test = 0.015559768336319297
┌ Info: Saving coefficients! Test loss is equal to:
└   test = 0.015559768336319297
┌ Info: η is equal to:
└   string(7.0e-7) = "7.0e-7"
┌ Info: Loss:
│   train = 0.04912843683859743
└   test = 0.015500895712115865
┌ Info: Saving coefficients! Test loss is equal to:
└   test = 0.015500895712115865
┌ Info: η is equal to:
└   string(7.0e-7) = "7.0e-7"
┌ Info: Loss:
│   train = 0.04899916304848198
└   test = 0.015503119934646276
┌ Info: η is equal to:
└   string(7.0e-7) = "7.0e-7"
┌ Info: Loss:
│   train = 0.048825733500761415
└   test = 0.015437875879125425
┌ Info: Saving coefficients! Test loss is equal to:
└   test = 0.015437875879125425
┌ Info: η is equal to:
└   string(7.0e-7) = "7.0e-7"
┌ Info: Loss:
│   train = 0.04890641593106931
└   test = 0.015478945743434426
┌ Info: η is equal to:
└   string(7.0e-7) = "7.0e-7"
┌ Info: Loss:
│   train = 0.048568904185032555
└   test = 0.015356816921661215
┌ Info: Saving coefficients! Test loss is equal to:
└   test = 0.015356816921661215
┌ Info: η is equal to:
└   string(7.0e-7) = "7.0e-7"
┌ Info: Loss:
│   train = 0.04849386620595366
└   test = 0.015329256339249003
┌ Info: Saving coefficients! Test loss is equal to:
└   test = 0.015329256339249003
┌ Info: η is equal to:
└   string(7.0e-7) = "7.0e-7"
┌ Info: Loss:
│   train = 0.048374585167707866
└   test = 0.015296284129242572
┌ Info: Saving coefficients! Test loss is equal to:
└   test = 0.015296284129242572
┌ Info: η is equal to:
└   string(7.0e-7) = "7.0e-7"
┌ Info: Loss:
│   train = 0.04816694327375977
└   test = 0.015239225141262771
┌ Info: Saving coefficients! Test loss is equal to:
└   test = 0.015239225141262771
┌ Info: η is equal to:
└   string(7.0e-7) = "7.0e-7"
┌ Info: Loss:
│   train = 0.04815571636907923
└   test = 0.015233535665621918
┌ Info: Saving coefficients! Test loss is equal to:
└   test = 0.015233535665621918
┌ Info: η is equal to:
└   string(7.0e-7) = "7.0e-7"
┌ Info: Loss:
│   train = 0.04797704709420919
└   test = 0.015175005254205114
┌ Info: Saving coefficients! Test loss is equal to:
└   test = 0.015175005254205114
┌ Info: η is equal to:
└   string(7.0e-7) = "7.0e-7"
┌ Info: Loss:
│   train = 0.04818529158920365
└   test = 0.015198223173478133
┌ Info: η is equal to:
└   string(7.0e-7) = "7.0e-7"
┌ Info: Loss:
│   train = 0.0479807750328602
└   test = 0.01519998413873266
┌ Info: η is equal to:
└   string(7.0e-7) = "7.0e-7"
┌ Info: Loss:
│   train = 0.04766160284382009
└   test = 0.015081271504501722
┌ Info: Saving coefficients! Test loss is equal to:
└   test = 0.015081271504501722
┌ Info: η is equal to:
└   string(7.0e-7) = "7.0e-7"
┌ Info: Loss:
│   train = 0.047444259060155466
└   test = 0.015014132482802481
┌ Info: Saving coefficients! Test loss is equal to:
└   test = 0.015014132482802481
┌ Info: η is equal to:
└   string(7.0e-7) = "7.0e-7"
┌ Info: Loss:
│   train = 0.04750366940636488
└   test = 0.015031089632863573
┌ Info: η is equal to:
└   string(7.0e-7) = "7.0e-7"
┌ Info: Loss:
│   train = 0.04728637938307792
└   test = 0.01497950220391216
┌ Info: Saving coefficients! Test loss is equal to:
└   test = 0.01497950220391216
