[ Info: Checking the chosen multipole ⏳
[ Info: Check passed ✅
[ Info: Checking the chosen component of the Power Spectrum ⏳
[ Info: Check passed ✅
[ Info: Loading input dataframe ⏳
[ Info: Loaded input dataframe ✅
[ Info: Performing preprocessing of data ⏳
[ Info: Preprocessing completed ✅
[ Info: Initializing training ⏳
[ Info: First training round
┌ Info: Initial Loss: 
└   string(initial_test_loss) = "56648.201091242896"
┌ Info: η is equal to:
└   string(η) = "0.0001"
┌ Info: Loss:
│   train = 9.234455754823903
└   test = 2.2968565712698634
┌ Info: Saving coefficients! Test loss is equal to:
└   test = 2.2968565712698634
┌ Info: Loss:
│   train = 6.08941047782931
└   test = 1.5481234893774891
┌ Info: Saving coefficients! Test loss is equal to:
└   test = 1.5481234893774891
┌ Info: Loss:
│   train = 4.568267344222595
└   test = 1.144377684262549
┌ Info: Saving coefficients! Test loss is equal to:
└   test = 1.144377684262549
┌ Info: Loss:
│   train = 3.0842476900680382
└   test = 0.7920058547523007
┌ Info: Saving coefficients! Test loss is equal to:
└   test = 0.7920058547523007
┌ Info: Loss:
│   train = 2.8243061634491347
└   test = 0.7288383114009457
┌ Info: Saving coefficients! Test loss is equal to:
└   test = 0.7288383114009457
┌ Info: Loss:
│   train = 2.517564787656532
└   test = 0.6438804306526116
┌ Info: Saving coefficients! Test loss is equal to:
└   test = 0.6438804306526116
┌ Info: Loss:
│   train = 1.794341200375048
└   test = 0.4676998753245085
┌ Info: Saving coefficients! Test loss is equal to:
└   test = 0.4676998753245085
┌ Info: Loss:
│   train = 2.17252804333148
└   test = 0.5624583191371658
┌ Info: Loss:
│   train = 2.6827582524271376
└   test = 0.6817154961729552
┌ Info: Loss:
│   train = 1.120732600600438
└   test = 0.2902195074518872
┌ Info: Saving coefficients! Test loss is equal to:
└   test = 0.2902195074518872
┌ Info: Loss:
│   train = 1.0823702925639231
└   test = 0.2798947222107584
┌ Info: Saving coefficients! Test loss is equal to:
└   test = 0.2798947222107584
┌ Info: Loss:
│   train = 0.8803280724750333
└   test = 0.22827486375173894
┌ Info: Saving coefficients! Test loss is equal to:
└   test = 0.22827486375173894
┌ Info: Loss:
│   train = 1.3869584447416072
└   test = 0.34980875289888214
┌ Info: Loss:
│   train = 0.8359540157778569
└   test = 0.217287709605365
┌ Info: Saving coefficients! Test loss is equal to:
└   test = 0.217287709605365
┌ Info: Loss:
│   train = 0.7717868407357562
└   test = 0.2013323522037416
┌ Info: Saving coefficients! Test loss is equal to:
└   test = 0.2013323522037416
┌ Info: Loss:
│   train = 0.6976510769298947
└   test = 0.1814930599730647
┌ Info: Saving coefficients! Test loss is equal to:
└   test = 0.1814930599730647
┌ Info: Loss:
│   train = 0.8635118723307376
└   test = 0.2234151891540382
┌ Info: Loss:
│   train = 1.081161565075997
└   test = 0.2770585469826976
┌ Info: Loss:
│   train = 0.6533305460972328
└   test = 0.16909205918828593
┌ Info: Saving coefficients! Test loss is equal to:
└   test = 0.16909205918828593
┌ Info: Loss:
│   train = 0.5566410013578248
└   test = 0.14673359450800091
┌ Info: Saving coefficients! Test loss is equal to:
└   test = 0.14673359450800091
┌ Info: η is equal to:
└   string(η) = "7.0e-5"
┌ Info: Loss:
│   train = 0.6301004576845664
└   test = 0.16437257485381024
┌ Info: Loss:
│   train = 0.5040480027190628
└   test = 0.13317014406441055
┌ Info: Saving coefficients! Test loss is equal to:
└   test = 0.13317014406441055
┌ Info: Loss:
│   train = 0.5847695722585072
└   test = 0.1520568438017968
┌ Info: Loss:
│   train = 0.518658008916203
└   test = 0.13744905301548324
┌ Info: Loss:
│   train = 0.4871808327124856
└   test = 0.12799323947393007
┌ Info: Saving coefficients! Test loss is equal to:
└   test = 0.12799323947393007
┌ Info: Loss:
│   train = 0.46184907284463045
└   test = 0.12216960099306912
┌ Info: Saving coefficients! Test loss is equal to:
└   test = 0.12216960099306912
┌ Info: Loss:
│   train = 0.5296897111216772
└   test = 0.139706643276091
┌ Info: Loss:
│   train = 0.5583731365799465
└   test = 0.14642248856513967
┌ Info: Loss:
│   train = 0.5097643614037668
└   test = 0.13416972897227644
┌ Info: Loss:
│   train = 0.4005845060268834
└   test = 0.10675222604004397
┌ Info: Saving coefficients! Test loss is equal to:
└   test = 0.10675222604004397
┌ Info: Loss:
│   train = 0.37488579982966314
└   test = 0.0994631091216364
┌ Info: Saving coefficients! Test loss is equal to:
└   test = 0.0994631091216364
┌ Info: Loss:
│   train = 0.4379852352841584
└   test = 0.11629410548243174
┌ Info: Loss:
│   train = 0.33933946191121384
└   test = 0.09145893870829176
┌ Info: Saving coefficients! Test loss is equal to:
└   test = 0.09145893870829176
┌ Info: Loss:
│   train = 0.395707604202029
└   test = 0.10540597944356685
┌ Info: Loss:
│   train = 0.4957445187874011
└   test = 0.13132232056859156
┌ Info: Loss:
│   train = 0.3699063059184589
└   test = 0.09919033917005213
┌ Info: Loss:
│   train = 0.3093877957430266
└   test = 0.08375899633429844
┌ Info: Saving coefficients! Test loss is equal to:
└   test = 0.08375899633429844
┌ Info: Loss:
│   train = 0.34000189261067865
└   test = 0.09105667925555698
┌ Info: Loss:
│   train = 0.43331614732279733
└   test = 0.11509963255198752
┌ Info: Loss:
│   train = 0.37385145994325897
└   test = 0.09985399902067069
┌ Info: η is equal to:
└   string(η) = "5.0e-5"
┌ Info: Loss:
│   train = 0.2907701095318449
└   test = 0.0792339979262536
┌ Info: Saving coefficients! Test loss is equal to:
└   test = 0.0792339979262536
┌ Info: Loss:
│   train = 0.27494778086862265
└   test = 0.07454961459065294
┌ Info: Saving coefficients! Test loss is equal to:
└   test = 0.07454961459065294
┌ Info: Loss:
│   train = 0.2736554089429732
└   test = 0.07405022533004638
┌ Info: Saving coefficients! Test loss is equal to:
└   test = 0.07405022533004638
┌ Info: Loss:
│   train = 0.26039545583146695
└   test = 0.07076119803961337
┌ Info: Saving coefficients! Test loss is equal to:
└   test = 0.07076119803961337
┌ Info: Loss:
│   train = 0.2986008646357452
└   test = 0.0805920319734771
┌ Info: Loss:
│   train = 0.2785730354877599
└   test = 0.07551737587098703
┌ Info: Loss:
│   train = 0.27723407386266424
└   test = 0.07539903147268791
┌ Info: Loss:
│   train = 0.249141013753286
└   test = 0.0678913715003578
┌ Info: Saving coefficients! Test loss is equal to:
└   test = 0.0678913715003578
┌ Info: Loss:
│   train = 0.2755733562867213
└   test = 0.07492838123345197
┌ Info: Loss:
│   train = 0.25080078093660113
└   test = 0.0685845882309684
┌ Info: Loss:
│   train = 0.3132978524689427
└   test = 0.08486964556819189
┌ Info: Loss:
│   train = 0.38994513824262694
└   test = 0.10302754995296773
┌ Info: Loss:
│   train = 0.26025975989186084
└   test = 0.07070918877209206
┌ Info: Loss:
│   train = 0.372486679665805
└   test = 0.09866247295936287
┌ Info: Loss:
│   train = 0.4047016496852145
└   test = 0.10666505986271861
┌ Info: Loss:
│   train = 0.21063543491510733
└   test = 0.058116074542407595
┌ Info: Saving coefficients! Test loss is equal to:
└   test = 0.058116074542407595
┌ Info: Loss:
│   train = 0.24641656989734978
└   test = 0.06701898331597136
┌ Info: Loss:
│   train = 0.2561929278940681
└   test = 0.0695795145318762
┌ Info: Loss:
│   train = 0.3075523978565144
└   test = 0.08241757312149822
┌ Info: Loss:
│   train = 0.21388134755122584
└   test = 0.05859209820618265
┌ Info: η is equal to:
└   string(η) = "2.0e-5"
┌ Info: Loss:
│   train = 0.2048423101221071
└   test = 0.05635035667015652
┌ Info: Saving coefficients! Test loss is equal to:
└   test = 0.05635035667015652
┌ Info: Loss:
│   train = 0.19375647162559145
└   test = 0.0539166152655942
┌ Info: Saving coefficients! Test loss is equal to:
└   test = 0.0539166152655942
┌ Info: Loss:
│   train = 0.19731115612786537
└   test = 0.05437703413956708
┌ Info: Loss:
│   train = 0.21405488239253084
└   test = 0.05823513581841681
┌ Info: Loss:
│   train = 0.18736334645974498
└   test = 0.051838505420424036
┌ Info: Saving coefficients! Test loss is equal to:
└   test = 0.051838505420424036
┌ Info: Loss:
│   train = 0.194510012209265
└   test = 0.05345750855705301
┌ Info: Loss:
│   train = 0.17804261933365192
└   test = 0.049463860865707206
┌ Info: Saving coefficients! Test loss is equal to:
└   test = 0.049463860865707206
┌ Info: Loss:
│   train = 0.1904703386201107
└   test = 0.05249415049503451
┌ Info: Loss:
│   train = 0.19571298132299
└   test = 0.053469583684812395
┌ Info: Loss:
│   train = 0.18151080490495228
└   test = 0.05026390580624518
┌ Info: Loss:
│   train = 0.18926393405972203
└   test = 0.051761468564701055
┌ Info: Loss:
│   train = 0.17283077341840425
└   test = 0.04807115196906971
┌ Info: Saving coefficients! Test loss is equal to:
└   test = 0.04807115196906971
┌ Info: Loss:
│   train = 0.19097614811102476
└   test = 0.05226201391674631
┌ Info: Loss:
│   train = 0.17128786955241213
└   test = 0.04717833203155529
┌ Info: Saving coefficients! Test loss is equal to:
└   test = 0.04717833203155529
┌ Info: Loss:
│   train = 0.18896621882970807
└   test = 0.052530580577951784
┌ Info: Loss:
│   train = 0.1773796860325833
└   test = 0.04929901255521172
┌ Info: Loss:
│   train = 0.16630331603549867
└   test = 0.04601932288330537
┌ Info: Saving coefficients! Test loss is equal to:
└   test = 0.04601932288330537
┌ Info: Loss:
│   train = 0.17549946878765163
└   test = 0.04846855307214208
┌ Info: Loss:
│   train = 0.16928225856256723
└   test = 0.04650809653744331
┌ Info: Loss:
│   train = 0.17055197534744038
└   test = 0.04704952545453005
┌ Info: η is equal to:
└   string(η) = "1.0e-5"
┌ Info: Loss:
│   train = 0.1572587819781016
└   test = 0.0436521582118226
┌ Info: Saving coefficients! Test loss is equal to:
└   test = 0.0436521582118226
┌ Info: Loss:
│   train = 0.157799164835397
└   test = 0.04395152163527194
┌ Info: Loss:
│   train = 0.15765553141554747
└   test = 0.043843795646995185
┌ Info: Loss:
│   train = 0.15709878571064564
└   test = 0.043751907730910485
┌ Info: Loss:
│   train = 0.15270302798751795
└   test = 0.04248828331732322
┌ Info: Saving coefficients! Test loss is equal to:
└   test = 0.04248828331732322
┌ Info: Loss:
│   train = 0.15467336992041614
└   test = 0.04295058717420113
┌ Info: Loss:
│   train = 0.15084839728430427
└   test = 0.04189189659792385
┌ Info: Saving coefficients! Test loss is equal to:
└   test = 0.04189189659792385
┌ Info: Loss:
│   train = 0.15013552796222845
└   test = 0.0418776003835738
┌ Info: Saving coefficients! Test loss is equal to:
└   test = 0.0418776003835738
┌ Info: Loss:
│   train = 0.14972445663282
└   test = 0.04156861540578905
┌ Info: Saving coefficients! Test loss is equal to:
└   test = 0.04156861540578905
┌ Info: Loss:
│   train = 0.14803136103657288
└   test = 0.041259597793431475
┌ Info: Saving coefficients! Test loss is equal to:
└   test = 0.041259597793431475
┌ Info: Loss:
│   train = 0.14940970158374017
└   test = 0.04137049345920035
┌ Info: Loss:
│   train = 0.14648544483056353
└   test = 0.04087999010271325
┌ Info: Saving coefficients! Test loss is equal to:
└   test = 0.04087999010271325
┌ Info: Loss:
│   train = 0.1492368956173622
└   test = 0.04157149468338143
┌ Info: Loss:
│   train = 0.1544347658519275
└   test = 0.04267202048450719
┌ Info: Loss:
│   train = 0.14720016496169772
└   test = 0.04111270276313548
┌ Info: Loss:
│   train = 0.1458538480354609
└   test = 0.040562473785602494
┌ Info: Saving coefficients! Test loss is equal to:
└   test = 0.040562473785602494
┌ Info: Loss:
│   train = 0.14876908885054504
└   test = 0.041453080654731495
┌ Info: Loss:
│   train = 0.14956497614551167
└   test = 0.041478197145090656
┌ Info: Loss:
│   train = 0.1420072008071498
└   test = 0.039455829798824116
┌ Info: Saving coefficients! Test loss is equal to:
└   test = 0.039455829798824116
┌ Info: Loss:
│   train = 0.1476587376876049
└   test = 0.0412025067151872
┌ Info: η is equal to:
└   string(η) = "9.0e-6"
┌ Info: Loss:
│   train = 0.139243136667717
└   test = 0.03875158102217932
┌ Info: Saving coefficients! Test loss is equal to:
└   test = 0.03875158102217932
┌ Info: Loss:
│   train = 0.13910118944542918
└   test = 0.0387954673067047
┌ Info: Loss:
│   train = 0.14010808905517058
└   test = 0.0390578243945615
┌ Info: Loss:
│   train = 0.1409979730138577
└   test = 0.03908034458183836
┌ Info: Loss:
│   train = 0.1405977499898176
└   test = 0.0391701448292944
┌ Info: Loss:
│   train = 0.13690934143135977
└   test = 0.03811278325090736
┌ Info: Saving coefficients! Test loss is equal to:
└   test = 0.03811278325090736
┌ Info: Loss:
│   train = 0.13827223597382934
└   test = 0.038542061723946544
┌ Info: Loss:
│   train = 0.13565476422670242
└   test = 0.03790393758627216
┌ Info: Saving coefficients! Test loss is equal to:
└   test = 0.03790393758627216
┌ Info: Loss:
│   train = 0.13651703098289322
└   test = 0.03790707423486954
┌ Info: Loss:
│   train = 0.13412148804165602
└   test = 0.037408529926956896
┌ Info: Saving coefficients! Test loss is equal to:
└   test = 0.037408529926956896
┌ Info: Loss:
│   train = 0.1535034747100242
└   test = 0.04253813087892547
┌ Info: Loss:
│   train = 0.13525811265125512
└   test = 0.037384855234826375
┌ Info: Saving coefficients! Test loss is equal to:
└   test = 0.037384855234826375
┌ Info: Loss:
│   train = 0.13392417687298958
└   test = 0.037281637534813415
┌ Info: Saving coefficients! Test loss is equal to:
└   test = 0.037281637534813415
┌ Info: Loss:
│   train = 0.13190543117466746
└   test = 0.036653585811110445
┌ Info: Saving coefficients! Test loss is equal to:
└   test = 0.036653585811110445
┌ Info: Loss:
│   train = 0.13246409897201275
└   test = 0.036958415040594154
┌ Info: Loss:
│   train = 0.1333799738111307
└   test = 0.03713845613831436
┌ Info: Loss:
│   train = 0.13258078265574597
└   test = 0.036811332110375995
┌ Info: Loss:
│   train = 0.13394638509580262
└   test = 0.037222762356526815
┌ Info: Loss:
│   train = 0.12952946055414521
└   test = 0.036006273127296706
┌ Info: Saving coefficients! Test loss is equal to:
└   test = 0.036006273127296706
┌ Info: Loss:
│   train = 0.12912309714931963
└   test = 0.036079029427807614
┌ Info: η is equal to:
└   string(η) = "7.0e-6"
┌ Info: Loss:
│   train = 0.13020030109304442
└   test = 0.03634197633919452
┌ Info: Loss:
│   train = 0.1273844433816965
└   test = 0.035632755013582394
┌ Info: Saving coefficients! Test loss is equal to:
└   test = 0.035632755013582394
┌ Info: Loss:
│   train = 0.1290057044520923
└   test = 0.0360271215279649
┌ Info: Loss:
│   train = 0.1337747251287913
└   test = 0.03714761663696167
┌ Info: Loss:
│   train = 0.12713594771618345
└   test = 0.03546006591805016
┌ Info: Saving coefficients! Test loss is equal to:
└   test = 0.03546006591805016
┌ Info: Loss:
│   train = 0.12561105401109404
└   test = 0.03507761389058383
┌ Info: Saving coefficients! Test loss is equal to:
└   test = 0.03507761389058383
┌ Info: Loss:
│   train = 0.12690803051834015
└   test = 0.03537690985625426
┌ Info: Loss:
│   train = 0.12550346137941723
└   test = 0.035029343684338424
┌ Info: Saving coefficients! Test loss is equal to:
└   test = 0.035029343684338424
┌ Info: Loss:
│   train = 0.1255543476410527
└   test = 0.03507223909062457
┌ Info: Loss:
│   train = 0.12463853221662642
└   test = 0.03487212328470923
┌ Info: Saving coefficients! Test loss is equal to:
└   test = 0.03487212328470923
┌ Info: Loss:
│   train = 0.12412780224762254
└   test = 0.03473836615710722
┌ Info: Saving coefficients! Test loss is equal to:
└   test = 0.03473836615710722
┌ Info: Loss:
│   train = 0.12337052255890305
└   test = 0.03445484127869981
┌ Info: Saving coefficients! Test loss is equal to:
└   test = 0.03445484127869981
┌ Info: Loss:
│   train = 0.12478858964708517
└   test = 0.03465946880339361
┌ Info: Loss:
│   train = 0.12275727177087467
└   test = 0.0343230457668927
┌ Info: Saving coefficients! Test loss is equal to:
└   test = 0.0343230457668927
┌ Info: Loss:
│   train = 0.12467340090212227
└   test = 0.03490450579602665
┌ Info: Loss:
│   train = 0.12221215072295004
└   test = 0.034044142001073835
┌ Info: Saving coefficients! Test loss is equal to:
└   test = 0.034044142001073835
┌ Info: Loss:
│   train = 0.12110402286667674
└   test = 0.03387576915291143
┌ Info: Saving coefficients! Test loss is equal to:
└   test = 0.03387576915291143
┌ Info: Loss:
│   train = 0.12265847517666945
└   test = 0.034316957459143885
┌ Info: Loss:
│   train = 0.12157513216804548
└   test = 0.0339680035791287
┌ Info: Loss:
│   train = 0.12179187247826084
└   test = 0.03396697638716501
┌ Info: η is equal to:
└   string(η) = "3.0e-6"
┌ Info: Loss:
│   train = 0.11860921075167127
└   test = 0.033182174411775275
┌ Info: Saving coefficients! Test loss is equal to:
└   test = 0.033182174411775275
┌ Info: Loss:
│   train = 0.11776008991090599
└   test = 0.03293200046814982
┌ Info: Saving coefficients! Test loss is equal to:
└   test = 0.03293200046814982
┌ Info: Loss:
│   train = 0.11937046091541348
└   test = 0.03343968791472152
┌ Info: Loss:
│   train = 0.12135482291958094
└   test = 0.033987763343463276
┌ Info: Loss:
│   train = 0.11767483693991972
└   test = 0.032846904874331256
┌ Info: Saving coefficients! Test loss is equal to:
└   test = 0.032846904874331256
┌ Info: Loss:
│   train = 0.11698749701896743
└   test = 0.03277861463494205
┌ Info: Saving coefficients! Test loss is equal to:
└   test = 0.03277861463494205
┌ Info: Loss:
│   train = 0.11789133293512931
└   test = 0.03301428372027279
┌ Info: Loss:
│   train = 0.11710022784244911
└   test = 0.03280338148133598
┌ Info: Loss:
│   train = 0.11785843232825986
└   test = 0.032984858188430374
┌ Info: Loss:
│   train = 0.11597264982751318
└   test = 0.03252210505798544
┌ Info: Saving coefficients! Test loss is equal to:
└   test = 0.03252210505798544
┌ Info: Loss:
│   train = 0.11631241014305865
└   test = 0.03243082020668248
┌ Info: Saving coefficients! Test loss is equal to:
└   test = 0.03243082020668248
┌ Info: Loss:
│   train = 0.11586148087866274
└   test = 0.032428255271699534
┌ Info: Saving coefficients! Test loss is equal to:
└   test = 0.032428255271699534
┌ Info: Loss:
│   train = 0.11669089199234017
└   test = 0.032574042588632314
┌ Info: Loss:
│   train = 0.11615984706680448
└   test = 0.03245440548762717
┌ Info: Loss:
│   train = 0.11571427996749192
└   test = 0.032304585452782406
┌ Info: Saving coefficients! Test loss is equal to:
└   test = 0.032304585452782406
┌ Info: Loss:
│   train = 0.11945458086823807
└   test = 0.03335688432281965
┌ Info: Loss:
│   train = 0.11515407396860969
└   test = 0.03224945862747697
┌ Info: Saving coefficients! Test loss is equal to:
└   test = 0.03224945862747697
┌ Info: Loss:
│   train = 0.11478836456740117
└   test = 0.03218543203489203
┌ Info: Saving coefficients! Test loss is equal to:
└   test = 0.03218543203489203
┌ Info: Loss:
│   train = 0.11497278842995676
└   test = 0.032130211762163484
┌ Info: Saving coefficients! Test loss is equal to:
└   test = 0.032130211762163484
┌ Info: Loss:
│   train = 0.11432500250757212
└   test = 0.03198018034180555
┌ Info: Saving coefficients! Test loss is equal to:
└   test = 0.03198018034180555
┌ Info: η is equal to:
└   string(η) = "1.0e-6"
┌ Info: Loss:
│   train = 0.11348405215481086
└   test = 0.031726195573037005
┌ Info: Saving coefficients! Test loss is equal to:
└   test = 0.031726195573037005
┌ Info: Loss:
│   train = 0.11369750374782937
└   test = 0.031794750501731826
┌ Info: Loss:
│   train = 0.11318186598167233
└   test = 0.03163864521028702
┌ Info: Saving coefficients! Test loss is equal to:
└   test = 0.03163864521028702
┌ Info: Loss:
│   train = 0.11320208929410354
└   test = 0.03171164603103646
┌ Info: Loss:
│   train = 0.11348502633950816
└   test = 0.03179553763050398
┌ Info: Loss:
│   train = 0.1131651818450413
└   test = 0.03166819305915816
┌ Info: Loss:
│   train = 0.11262558950693924
└   test = 0.03155431247708232
┌ Info: Saving coefficients! Test loss is equal to:
└   test = 0.03155431247708232
┌ Info: Loss:
│   train = 0.11298728916095237
└   test = 0.03162740344801512
┌ Info: Loss:
│   train = 0.11297401493868538
└   test = 0.031620770537860006
┌ Info: Loss:
│   train = 0.1126631705957209
└   test = 0.031509044804223126
┌ Info: Saving coefficients! Test loss is equal to:
└   test = 0.031509044804223126
┌ Info: Loss:
│   train = 0.11260299655202954
└   test = 0.03151634287700635
┌ Info: Loss:
│   train = 0.11311807989700767
└   test = 0.03169786892665529
┌ Info: Loss:
│   train = 0.11264058138250657
└   test = 0.03152060917451405
┌ Info: Loss:
│   train = 0.1125767017847608
└   test = 0.03148803343560162
┌ Info: Saving coefficients! Test loss is equal to:
└   test = 0.03148803343560162
┌ Info: Loss:
│   train = 0.11212095906165176
└   test = 0.03141702304091272
┌ Info: Saving coefficients! Test loss is equal to:
└   test = 0.03141702304091272
┌ Info: Loss:
│   train = 0.11230536982664432
└   test = 0.03142289741530533
┌ Info: Loss:
│   train = 0.1130300104519785
└   test = 0.0315868820349981
┌ Info: Loss:
│   train = 0.11176713410581435
└   test = 0.03132779291243946
┌ Info: Saving coefficients! Test loss is equal to:
└   test = 0.03132779291243946
┌ Info: Loss:
│   train = 0.11186985187248923
└   test = 0.031301834494258766
┌ Info: Saving coefficients! Test loss is equal to:
└   test = 0.031301834494258766
┌ Info: Loss:
│   train = 0.11147575617018757
└   test = 0.03118037650915659
┌ Info: Saving coefficients! Test loss is equal to:
└   test = 0.03118037650915659
[ Info: Second Training round
┌ Info: η is equal to:
└   string(7.0e-7) = "7.0e-7"
┌ Info: Loss:
│   train = 0.11163471052740265
└   test = 0.03134081156108006
┌ Info: η is equal to:
└   string(7.0e-7) = "7.0e-7"
┌ Info: Loss:
│   train = 0.11174664598404971
└   test = 0.031237166891772555
┌ Info: η is equal to:
└   string(7.0e-7) = "7.0e-7"
┌ Info: Loss:
│   train = 0.11136691212077139
└   test = 0.03114649977108242
┌ Info: Saving coefficients! Test loss is equal to:
└   test = 0.03114649977108242
┌ Info: η is equal to:
└   string(7.0e-7) = "7.0e-7"
┌ Info: Loss:
│   train = 0.11088073839437608
└   test = 0.03100368349369744
┌ Info: Saving coefficients! Test loss is equal to:
└   test = 0.03100368349369744
┌ Info: η is equal to:
└   string(7.0e-7) = "7.0e-7"
┌ Info: Loss:
│   train = 0.1106845456653059
└   test = 0.03093703898470114
┌ Info: Saving coefficients! Test loss is equal to:
└   test = 0.03093703898470114
┌ Info: η is equal to:
└   string(7.0e-7) = "7.0e-7"
┌ Info: Loss:
│   train = 0.11061483542855091
└   test = 0.031013929024305407
┌ Info: η is equal to:
└   string(7.0e-7) = "7.0e-7"
┌ Info: Loss:
│   train = 0.11016278557632758
└   test = 0.030823140964223235
┌ Info: Saving coefficients! Test loss is equal to:
└   test = 0.030823140964223235
┌ Info: η is equal to:
└   string(7.0e-7) = "7.0e-7"
┌ Info: Loss:
│   train = 0.11010954857510284
└   test = 0.030786305993053195
┌ Info: Saving coefficients! Test loss is equal to:
└   test = 0.030786305993053195
┌ Info: η is equal to:
└   string(7.0e-7) = "7.0e-7"
┌ Info: Loss:
│   train = 0.10984160567645351
└   test = 0.030716352327079657
┌ Info: Saving coefficients! Test loss is equal to:
└   test = 0.030716352327079657
┌ Info: η is equal to:
└   string(7.0e-7) = "7.0e-7"
┌ Info: Loss:
│   train = 0.1097205152471889
└   test = 0.03066662874266437
┌ Info: Saving coefficients! Test loss is equal to:
└   test = 0.03066662874266437
┌ Info: η is equal to:
└   string(7.0e-7) = "7.0e-7"
┌ Info: Loss:
│   train = 0.10965691525990816
└   test = 0.03069442084327848
┌ Info: η is equal to:
└   string(7.0e-7) = "7.0e-7"
┌ Info: Loss:
│   train = 0.10950967437872036
└   test = 0.030613156900030317
┌ Info: Saving coefficients! Test loss is equal to:
└   test = 0.030613156900030317
┌ Info: η is equal to:
└   string(7.0e-7) = "7.0e-7"
┌ Info: Loss:
│   train = 0.1089024379036676
└   test = 0.030531003522634895
┌ Info: Saving coefficients! Test loss is equal to:
└   test = 0.030531003522634895
┌ Info: η is equal to:
└   string(7.0e-7) = "7.0e-7"
┌ Info: Loss:
│   train = 0.10889506845422314
└   test = 0.030504851870979795
┌ Info: Saving coefficients! Test loss is equal to:
└   test = 0.030504851870979795
┌ Info: η is equal to:
└   string(7.0e-7) = "7.0e-7"
┌ Info: Loss:
│   train = 0.1087143215239288
└   test = 0.03044632041380629
┌ Info: Saving coefficients! Test loss is equal to:
└   test = 0.03044632041380629
┌ Info: η is equal to:
└   string(7.0e-7) = "7.0e-7"
┌ Info: Loss:
│   train = 0.10848904298640998
└   test = 0.03037122883628713
┌ Info: Saving coefficients! Test loss is equal to:
└   test = 0.03037122883628713
┌ Info: η is equal to:
└   string(7.0e-7) = "7.0e-7"
┌ Info: Loss:
│   train = 0.10817640769077332
└   test = 0.030324531035074223
┌ Info: Saving coefficients! Test loss is equal to:
└   test = 0.030324531035074223
┌ Info: η is equal to:
└   string(7.0e-7) = "7.0e-7"
┌ Info: Loss:
│   train = 0.10863304351180562
└   test = 0.030354799927047003
┌ Info: η is equal to:
└   string(7.0e-7) = "7.0e-7"
┌ Info: Loss:
│   train = 0.1077880738976735
└   test = 0.03019246196134264
┌ Info: Saving coefficients! Test loss is equal to:
└   test = 0.03019246196134264
┌ Info: η is equal to:
└   string(7.0e-7) = "7.0e-7"
┌ Info: Loss:
│   train = 0.10765793159003711
└   test = 0.030160349008064406
┌ Info: Saving coefficients! Test loss is equal to:
└   test = 0.030160349008064406
