 66.927209 seconds (13.63 M allocations: 841.056 MiB, 0.38% gc time, 11.95% compilation time)
 59.609383 seconds (1 allocation: 32 bytes)
 64.059747 seconds (6 allocations: 192 bytes)
 58.948114 seconds (10 allocations: 320 bytes)
 59.522270 seconds (6 allocations: 192 bytes)
 55.220425 seconds (1 allocation: 32 bytes)
 51.007295 seconds (1 allocation: 32 bytes)
 50.199175 seconds (7 allocations: 224 bytes)
 48.486890 seconds (17 allocations: 544 bytes)
 46.736039 seconds (1 allocation: 32 bytes)
 46.970481 seconds (1 allocation: 32 bytes)
 44.772165 seconds (1 allocation: 32 bytes)
 45.678724 seconds (1 allocation: 32 bytes)
 49.084728 seconds (7 allocations: 224 bytes)
 44.531379 seconds (7 allocations: 224 bytes)
 50.095098 seconds (7 allocations: 224 bytes)
 53.896638 seconds (1 allocation: 32 bytes)
 53.300198 seconds (1 allocation: 32 bytes)
 54.685877 seconds (1 allocation: 32 bytes)
 50.545299 seconds (13 allocations: 416 bytes)
 61.375252 seconds (4 allocations: 128 bytes)
 65.784297 seconds (1 allocation: 32 bytes)
 61.086140 seconds (7 allocations: 224 bytes)
 68.163565 seconds (1 allocation: 32 bytes)
 65.428914 seconds (1 allocation: 32 bytes)
 70.887943 seconds (19 allocations: 608 bytes)
 69.102842 seconds (7 allocations: 224 bytes)
 54.807687 seconds (1 allocation: 32 bytes)
 55.227849 seconds (1 allocation: 32 bytes)
 54.971662 seconds (7 allocations: 224 bytes)
 50.433255 seconds (13 allocations: 416 bytes)
 45.185643 seconds (1 allocation: 32 bytes)
 47.538454 seconds (1 allocation: 32 bytes)
 51.093102 seconds (14 allocations: 448 bytes)
 45.453520 seconds (1 allocation: 32 bytes)
 48.016186 seconds (7 allocations: 224 bytes)
 59.511464 seconds (20 allocations: 640 bytes)
 64.008038 seconds (1 allocation: 32 bytes)
 62.380690 seconds (1 allocation: 32 bytes)
 53.883103 seconds (1 allocation: 32 bytes)
 56.297845 seconds (5 allocations: 160 bytes)
 57.982226 seconds (1 allocation: 32 bytes)
 48.827214 seconds (1 allocation: 32 bytes)
 50.474223 seconds (1 allocation: 32 bytes)
 51.417608 seconds (1 allocation: 32 bytes)
 51.826114 seconds (1 allocation: 32 bytes)
 40.802276 seconds (7 allocations: 224 bytes)
 43.437632 seconds (1 allocation: 32 bytes)
 37.910470 seconds (1 allocation: 32 bytes)
 36.905443 seconds (1 allocation: 32 bytes)
 35.678627 seconds (1 allocation: 32 bytes)
 39.976843 seconds (1 allocation: 32 bytes)
 37.506882 seconds (1 allocation: 32 bytes)
 38.191792 seconds (20 allocations: 640 bytes)
 55.955709 seconds (5 allocations: 160 bytes)
 65.613863 seconds (1 allocation: 32 bytes)
 57.587836 seconds (1 allocation: 32 bytes)
 58.685708 seconds (1 allocation: 32 bytes)
 58.527458 seconds (1 allocation: 32 bytes)
 53.794858 seconds (20 allocations: 640 bytes)
 44.542686 seconds (13 allocations: 416 bytes)
 35.793602 seconds (1 allocation: 32 bytes)
 44.654238 seconds (1 allocation: 32 bytes)
 57.517593 seconds (1 allocation: 32 bytes)
 50.382529 seconds (1 allocation: 32 bytes)
 45.400849 seconds (1 allocation: 32 bytes)
 39.624087 seconds (1 allocation: 32 bytes)
 56.403254 seconds (1 allocation: 32 bytes)
 55.972937 seconds (7 allocations: 224 bytes)
 53.415978 seconds (1 allocation: 32 bytes)
 47.314110 seconds (1 allocation: 32 bytes)
 41.167170 seconds (1 allocation: 32 bytes)
 43.585664 seconds (8 allocations: 256 bytes)
 42.048455 seconds (1 allocation: 32 bytes)
 43.275352 seconds (1 allocation: 32 bytes)
 38.007610 seconds (1 allocation: 32 bytes)
 44.887524 seconds (1 allocation: 32 bytes)
 39.968900 seconds (1 allocation: 32 bytes)
 41.715452 seconds (1 allocation: 32 bytes)
 50.091495 seconds (1 allocation: 32 bytes)
 43.959102 seconds (1 allocation: 32 bytes)
 45.638242 seconds (1 allocation: 32 bytes)
 57.005392 seconds (6 allocations: 192 bytes)
 59.630422 seconds (1 allocation: 32 bytes)
 58.096418 seconds (20 allocations: 640 bytes)
 58.125367 seconds (6 allocations: 192 bytes)
 57.395621 seconds (1 allocation: 32 bytes)
 59.140035 seconds (1 allocation: 32 bytes)
 57.189947 seconds (1 allocation: 32 bytes)
 51.679822 seconds (1 allocation: 32 bytes)
 63.680573 seconds (12 allocations: 384 bytes)
 63.039348 seconds (1 allocation: 32 bytes)
 52.269111 seconds (1 allocation: 32 bytes)
 55.805083 seconds (1 allocation: 32 bytes)
 45.921106 seconds (1 allocation: 32 bytes)
 63.173876 seconds (18 allocations: 576 bytes)
 60.588971 seconds (1 allocation: 32 bytes)
 63.736450 seconds (1 allocation: 32 bytes)
 65.629145 seconds (1 allocation: 32 bytes)
 68.554170 seconds (1 allocation: 32 bytes)
 61.357213 seconds (5 allocations: 160 bytes)
 62.516542 seconds (1 allocation: 32 bytes)
 57.151779 seconds (1 allocation: 32 bytes)
 54.823113 seconds (6 allocations: 192 bytes)
 54.638166 seconds (1 allocation: 32 bytes)
 49.802687 seconds (1 allocation: 32 bytes)
 60.881899 seconds (1 allocation: 32 bytes)
 50.624256 seconds (1 allocation: 32 bytes)
 41.178862 seconds (1 allocation: 32 bytes)
 38.388465 seconds (1 allocation: 32 bytes)
 42.781935 seconds (1 allocation: 32 bytes)
 39.099819 seconds (1 allocation: 32 bytes)
 55.409495 seconds (1 allocation: 32 bytes)
 52.831910 seconds (1 allocation: 32 bytes)
 46.522796 seconds (1 allocation: 32 bytes)
 35.972172 seconds (1 allocation: 32 bytes)
 34.207274 seconds (1 allocation: 32 bytes)
 45.460805 seconds (1 allocation: 32 bytes)
 40.496224 seconds (1 allocation: 32 bytes)
 39.221564 seconds (1 allocation: 32 bytes)
 33.385972 seconds (1 allocation: 32 bytes)
 32.952784 seconds (1 allocation: 32 bytes)
 31.492148 seconds (1 allocation: 32 bytes)
 30.242543 seconds (1 allocation: 32 bytes)
 30.078310 seconds (1 allocation: 32 bytes)
 33.853298 seconds (1 allocation: 32 bytes)
 30.113718 seconds (1 allocation: 32 bytes)
 30.032256 seconds (1 allocation: 32 bytes)
 31.289068 seconds (1 allocation: 32 bytes)
 34.189743 seconds (1 allocation: 32 bytes)
 33.932043 seconds (1 allocation: 32 bytes)
 33.725739 seconds (1 allocation: 32 bytes)
 32.120337 seconds (1 allocation: 32 bytes)
 38.168618 seconds (1 allocation: 32 bytes)
 30.556638 seconds (1 allocation: 32 bytes)
 29.274116 seconds (1 allocation: 32 bytes)
 28.101078 seconds (1 allocation: 32 bytes)
 29.089113 seconds (1 allocation: 32 bytes)
 30.385585 seconds (1 allocation: 32 bytes)
 29.809518 seconds (1 allocation: 32 bytes)
 30.668329 seconds (1 allocation: 32 bytes)
 29.888727 seconds (1 allocation: 32 bytes)
 29.060100 seconds (1 allocation: 32 bytes)
 30.248225 seconds (1 allocation: 32 bytes)
 30.108339 seconds (1 allocation: 32 bytes)
 30.077689 seconds (1 allocation: 32 bytes)
 29.935998 seconds (1 allocation: 32 bytes)
 29.583519 seconds (1 allocation: 32 bytes)
 36.625688 seconds (1 allocation: 32 bytes)
 32.788516 seconds (1 allocation: 32 bytes)
 32.918604 seconds (1 allocation: 32 bytes)
 32.352140 seconds (1 allocation: 32 bytes)
 31.630908 seconds (1 allocation: 32 bytes)
 30.933575 seconds (1 allocation: 32 bytes)
 31.996079 seconds (1 allocation: 32 bytes)
 30.440831 seconds (1 allocation: 32 bytes)
 30.262120 seconds (1 allocation: 32 bytes)
 28.382804 seconds (1 allocation: 32 bytes)
 27.959632 seconds (1 allocation: 32 bytes)
 27.637177 seconds (1 allocation: 32 bytes)
 22.953988 seconds (1 allocation: 32 bytes)
 20.376859 seconds (1 allocation: 32 bytes)
 23.528852 seconds (1 allocation: 32 bytes)
 25.231735 seconds (1 allocation: 32 bytes)
 27.076865 seconds (1 allocation: 32 bytes)
 27.049480 seconds (1 allocation: 32 bytes)
 20.226516 seconds (1 allocation: 32 bytes)
 19.972218 seconds (1 allocation: 32 bytes)
 20.271435 seconds (1 allocation: 32 bytes)
 20.196513 seconds (1 allocation: 32 bytes)
 24.067387 seconds (1 allocation: 32 bytes)
 23.164588 seconds (1 allocation: 32 bytes)
 22.333995 seconds (1 allocation: 32 bytes)
 20.045050 seconds (1 allocation: 32 bytes)
 20.057485 seconds (1 allocation: 32 bytes)
 18.892259 seconds (1 allocation: 32 bytes)
 18.527316 seconds (1 allocation: 32 bytes)
 19.988619 seconds (1 allocation: 32 bytes)
 18.312333 seconds (1 allocation: 32 bytes)
 18.764167 seconds (1 allocation: 32 bytes)
 60.565062 seconds
 66.673288 seconds
 61.985180 seconds
 91.170417 seconds
 57.967965 seconds
 60.054175 seconds
 59.745869 seconds
 59.562917 seconds
 59.603536 seconds
 59.253000 seconds
 64.700615 seconds
 55.640526 seconds
 59.605491 seconds
 58.806799 seconds
 56.810359 seconds
 60.538719 seconds
 59.335659 seconds
 56.431373 seconds
 56.122300 seconds
 56.185050 seconds

------------------------------------------------------------
Sender: LSF System <lsfadmin@e4farm02.ge.infn.it>
Subject: Job 713011: </farmdisk1/mbonici/trained_hanyu_10000/job_loop_2_0.sh> in cluster <infnge> Done

Job </farmdisk1/mbonici/trained_hanyu_10000/job_loop_2_0.sh> was submitted from host <farmuisl7.ge.infn.it> by user <mbonici> in cluster <infnge>.
Job was executed on host(s) <8*e4farm02.ge.infn.it>, in queue <medium>, as user <mbonici> in cluster <infnge>.
</home/mbonici> was used as the home directory.
</home/mbonici/Effort_trainer> was used as the working directory.
Started at Sun Mar 10 05:39:31 2024
Results reported on Sun Mar 10 08:19:59 2024

Your job looked like:

------------------------------------------------------------
# LSBATCH: User input
/farmdisk1/mbonici/trained_hanyu_10000/job_loop_2_0.sh
------------------------------------------------------------

Successfully completed.

Resource usage summary:

    CPU time :                                   72732.77 sec.
    Max Memory :                                 962 MB
    Average Memory :                             921.44 MB
    Total Requested Memory :                     4096.00 MB
    Delta Memory :                               3134.00 MB
    Max Processes :                              4
    Max Threads :                                60

The output (if any) is above this job summary.



PS:

Read file </farmdisk1/mbonici/trained_hanyu_10000/job_loop_2_0.err> for stderr output of this job.

