 50.276445 seconds (13.63 M allocations: 840.791 MiB, 0.46% gc time, 14.33% compilation time)
 46.958371 seconds (1 allocation: 32 bytes)
 45.917905 seconds (1 allocation: 32 bytes)
 40.228878 seconds (1 allocation: 32 bytes)
 44.701019 seconds (5 allocations: 160 bytes)
 38.595187 seconds (1 allocation: 32 bytes)
 39.692433 seconds (1 allocation: 32 bytes)
 37.530967 seconds (1 allocation: 32 bytes)
 37.282172 seconds (7 allocations: 224 bytes)
 36.570111 seconds (1 allocation: 32 bytes)
 41.061678 seconds (6 allocations: 192 bytes)
 43.678723 seconds (18 allocations: 576 bytes)
 38.831152 seconds (1 allocation: 32 bytes)
 37.021018 seconds (1 allocation: 32 bytes)
 38.648947 seconds (1 allocation: 32 bytes)
 40.937806 seconds (1 allocation: 32 bytes)
 40.307211 seconds (7 allocations: 224 bytes)
 41.890256 seconds (1 allocation: 32 bytes)
 39.631854 seconds (1 allocation: 32 bytes)
 46.332358 seconds (6 allocations: 192 bytes)
 44.806487 seconds (1 allocation: 32 bytes)
 42.066106 seconds (1 allocation: 32 bytes)
 37.418585 seconds (1 allocation: 32 bytes)
 39.218449 seconds (5 allocations: 160 bytes)
 39.475239 seconds (6 allocations: 192 bytes)
 33.722582 seconds (6 allocations: 192 bytes)
 31.470011 seconds (3 allocations: 96 bytes)
 31.288853 seconds (1 allocation: 32 bytes)
 29.157904 seconds (1 allocation: 32 bytes)
 27.240411 seconds (1 allocation: 32 bytes)
 29.467854 seconds (1 allocation: 32 bytes)
 29.001542 seconds (6 allocations: 192 bytes)
 29.914416 seconds (1 allocation: 32 bytes)
 32.867633 seconds (1 allocation: 32 bytes)
 30.590520 seconds (8 allocations: 256 bytes)
 26.363279 seconds (1 allocation: 32 bytes)
 33.279098 seconds (12 allocations: 384 bytes)
 38.009227 seconds (1 allocation: 32 bytes)
 26.009040 seconds (1 allocation: 32 bytes)
 25.188922 seconds (1 allocation: 32 bytes)
 27.216961 seconds (1 allocation: 32 bytes)
 29.039394 seconds (1 allocation: 32 bytes)
 29.185861 seconds (1 allocation: 32 bytes)
 29.963255 seconds (1 allocation: 32 bytes)
 29.226407 seconds (1 allocation: 32 bytes)
 27.963935 seconds (1 allocation: 32 bytes)
 28.500144 seconds (1 allocation: 32 bytes)
 35.959112 seconds (6 allocations: 192 bytes)
 35.052664 seconds (1 allocation: 32 bytes)
 35.975830 seconds (1 allocation: 32 bytes)
 30.888967 seconds (1 allocation: 32 bytes)
 25.805194 seconds (1 allocation: 32 bytes)
 24.317031 seconds (1 allocation: 32 bytes)
 23.882886 seconds (1 allocation: 32 bytes)
 24.823606 seconds (1 allocation: 32 bytes)
 32.812518 seconds (1 allocation: 32 bytes)
 37.741650 seconds (1 allocation: 32 bytes)
 36.601646 seconds (1 allocation: 32 bytes)
 37.394202 seconds (1 allocation: 32 bytes)
 33.272337 seconds (1 allocation: 32 bytes)
 29.815223 seconds (1 allocation: 32 bytes)
 29.684501 seconds (1 allocation: 32 bytes)
 27.315927 seconds (1 allocation: 32 bytes)
 32.211579 seconds (1 allocation: 32 bytes)
 43.886567 seconds (6 allocations: 192 bytes)
 34.655856 seconds (13 allocations: 416 bytes)
 41.150663 seconds (11 allocations: 352 bytes)
 38.388935 seconds (1 allocation: 32 bytes)
 39.966700 seconds (1 allocation: 32 bytes)
 34.659907 seconds (1 allocation: 32 bytes)
 27.688702 seconds (1 allocation: 32 bytes)
 26.620088 seconds (1 allocation: 32 bytes)
 29.356331 seconds (1 allocation: 32 bytes)
 29.366307 seconds (1 allocation: 32 bytes)
 30.403204 seconds (1 allocation: 32 bytes)
 44.206834 seconds (5 allocations: 160 bytes)
 34.172946 seconds (1 allocation: 32 bytes)
 36.812795 seconds (1 allocation: 32 bytes)
 42.472105 seconds (1 allocation: 32 bytes)
 44.719101 seconds (1 allocation: 32 bytes)
 45.862909 seconds (7 allocations: 224 bytes)
 44.209953 seconds (4 allocations: 128 bytes)
 36.779065 seconds (1 allocation: 32 bytes)
 36.108865 seconds (11 allocations: 352 bytes)
 32.533127 seconds (1 allocation: 32 bytes)
 34.602257 seconds (1 allocation: 32 bytes)
 36.592562 seconds (1 allocation: 32 bytes)
 36.559199 seconds (1 allocation: 32 bytes)
 35.532444 seconds (1 allocation: 32 bytes)
 35.665842 seconds (6 allocations: 192 bytes)
 35.129229 seconds (6 allocations: 192 bytes)
 31.229203 seconds (1 allocation: 32 bytes)
 27.532807 seconds (1 allocation: 32 bytes)
 29.453738 seconds (1 allocation: 32 bytes)
 25.272387 seconds (1 allocation: 32 bytes)
 25.537666 seconds (1 allocation: 32 bytes)
 25.337739 seconds (1 allocation: 32 bytes)
 25.913923 seconds (1 allocation: 32 bytes)
 25.676374 seconds (1 allocation: 32 bytes)
 25.886831 seconds (1 allocation: 32 bytes)
 29.186878 seconds (1 allocation: 32 bytes)
 33.563830 seconds (1 allocation: 32 bytes)
 44.132952 seconds (1 allocation: 32 bytes)
 41.020084 seconds (1 allocation: 32 bytes)
 39.560619 seconds (1 allocation: 32 bytes)
 37.364575 seconds (1 allocation: 32 bytes)
 41.111747 seconds (1 allocation: 32 bytes)
 38.626707 seconds (5 allocations: 160 bytes)
 43.956043 seconds (12 allocations: 384 bytes)
 41.525572 seconds (1 allocation: 32 bytes)
 38.721001 seconds (1 allocation: 32 bytes)
 38.525380 seconds (1 allocation: 32 bytes)
 39.157203 seconds (1 allocation: 32 bytes)
 41.353231 seconds (1 allocation: 32 bytes)
 41.482251 seconds (1 allocation: 32 bytes)
 44.832378 seconds (1 allocation: 32 bytes)
 45.402919 seconds (3 allocations: 96 bytes)
 43.605465 seconds (1 allocation: 32 bytes)
 46.465179 seconds (1 allocation: 32 bytes)
 54.659414 seconds (1 allocation: 32 bytes)
 48.346252 seconds (1 allocation: 32 bytes)
 50.881686 seconds (1 allocation: 32 bytes)
 45.215327 seconds (1 allocation: 32 bytes)
 41.513702 seconds (1 allocation: 32 bytes)
 42.704560 seconds (1 allocation: 32 bytes)
 44.760225 seconds (1 allocation: 32 bytes)
 43.155376 seconds (13 allocations: 416 bytes)
 42.160691 seconds (1 allocation: 32 bytes)
 34.727783 seconds (1 allocation: 32 bytes)
 38.095587 seconds (14 allocations: 448 bytes)
 31.578279 seconds (1 allocation: 32 bytes)
 30.550440 seconds (1 allocation: 32 bytes)
 30.919107 seconds (1 allocation: 32 bytes)
 27.986644 seconds (1 allocation: 32 bytes)
 30.653464 seconds (7 allocations: 224 bytes)
 29.322152 seconds (1 allocation: 32 bytes)
 29.901505 seconds (1 allocation: 32 bytes)
 31.112819 seconds (1 allocation: 32 bytes)
 35.604881 seconds (13 allocations: 416 bytes)
 34.153066 seconds (1 allocation: 32 bytes)
 31.262424 seconds (1 allocation: 32 bytes)
 33.065994 seconds (1 allocation: 32 bytes)
 36.570504 seconds (1 allocation: 32 bytes)
 36.079156 seconds (1 allocation: 32 bytes)
 37.097573 seconds (1 allocation: 32 bytes)
 35.451624 seconds (1 allocation: 32 bytes)
 39.795963 seconds (6 allocations: 192 bytes)
 40.186120 seconds (1 allocation: 32 bytes)
 37.957535 seconds (1 allocation: 32 bytes)
 35.019227 seconds (1 allocation: 32 bytes)
 37.369928 seconds (1 allocation: 32 bytes)
 36.999953 seconds (1 allocation: 32 bytes)
 33.722144 seconds (6 allocations: 192 bytes)
 32.212461 seconds (1 allocation: 32 bytes)
 33.518519 seconds (1 allocation: 32 bytes)
 35.362060 seconds (11 allocations: 352 bytes)
 36.290895 seconds (1 allocation: 32 bytes)
 37.024070 seconds (1 allocation: 32 bytes)
 36.737190 seconds (1 allocation: 32 bytes)
 35.609937 seconds (1 allocation: 32 bytes)
 34.769349 seconds (1 allocation: 32 bytes)
 28.333445 seconds (1 allocation: 32 bytes)
 26.839222 seconds (1 allocation: 32 bytes)
 32.707861 seconds (1 allocation: 32 bytes)
 31.626152 seconds (7 allocations: 224 bytes)
 43.518462 seconds (7 allocations: 224 bytes)
 38.101166 seconds (1 allocation: 32 bytes)
 40.518694 seconds (7 allocations: 224 bytes)
 37.088377 seconds (1 allocation: 32 bytes)
 35.494112 seconds (1 allocation: 32 bytes)
 35.327983 seconds (1 allocation: 32 bytes)
 25.126812 seconds (1 allocation: 32 bytes)
 22.224672 seconds (1 allocation: 32 bytes)
 21.259405 seconds (1 allocation: 32 bytes)
 20.904925 seconds (1 allocation: 32 bytes)
 20.553440 seconds (1 allocation: 32 bytes)
 22.142206 seconds (1 allocation: 32 bytes)
 19.392119 seconds (1 allocation: 32 bytes)
 18.281994 seconds (1 allocation: 32 bytes)
 18.223696 seconds (1 allocation: 32 bytes)
 56.214710 seconds
 57.427817 seconds
 55.745191 seconds
 56.054021 seconds
 54.188423 seconds
 55.688184 seconds
 54.297136 seconds
 55.832481 seconds
 55.319181 seconds
 56.127773 seconds
 55.659542 seconds
 55.250075 seconds
 59.395966 seconds
 60.167059 seconds
 54.605961 seconds
 55.475031 seconds
 55.097673 seconds
 55.338727 seconds
 55.934490 seconds
 57.371922 seconds

------------------------------------------------------------
Sender: LSF System <lsfadmin@e4farm04.ge.infn.it>
Subject: Job 713004: </farmdisk1/mbonici/trained_hanyu_10000/job_ct_0_1.sh> in cluster <infnge> Done

Job </farmdisk1/mbonici/trained_hanyu_10000/job_ct_0_1.sh> was submitted from host <farmuisl7.ge.infn.it> by user <mbonici> in cluster <infnge>.
Job was executed on host(s) <8*e4farm04.ge.infn.it>, in queue <medium>, as user <mbonici> in cluster <infnge>.
</home/mbonici> was used as the home directory.
</home/mbonici/Effort_trainer> was used as the working directory.
Started at Sun Mar 10 05:39:31 2024
Results reported on Sun Mar 10 07:51:48 2024

Your job looked like:

------------------------------------------------------------
# LSBATCH: User input
/farmdisk1/mbonici/trained_hanyu_10000/job_ct_0_1.sh
------------------------------------------------------------

Successfully completed.

Resource usage summary:

    CPU time :                                   59272.80 sec.
    Max Memory :                                 748 MB
    Average Memory :                             717.02 MB
    Total Requested Memory :                     4096.00 MB
    Delta Memory :                               3348.00 MB
    Max Processes :                              4
    Max Threads :                                60

The output (if any) is above this job summary.



PS:

Read file </farmdisk1/mbonici/trained_hanyu_10000/job_ct_0_1.err> for stderr output of this job.

