 45.355589 seconds (13.63 M allocations: 840.791 MiB, 0.53% gc time, 16.39% compilation time)
 38.692487 seconds (1 allocation: 32 bytes)
 41.005217 seconds (1 allocation: 32 bytes)
 38.969233 seconds (1 allocation: 32 bytes)
 42.368728 seconds (1 allocation: 32 bytes)
 44.045321 seconds (1 allocation: 32 bytes)
 38.306946 seconds (1 allocation: 32 bytes)
 37.672464 seconds (1 allocation: 32 bytes)
 34.913047 seconds (5 allocations: 160 bytes)
 36.754634 seconds (1 allocation: 32 bytes)
 36.938436 seconds (1 allocation: 32 bytes)
 33.949438 seconds (4 allocations: 128 bytes)
 40.985964 seconds (10 allocations: 320 bytes)
 37.014792 seconds (1 allocation: 32 bytes)
 38.447275 seconds (1 allocation: 32 bytes)
 40.258703 seconds (8 allocations: 256 bytes)
 41.660710 seconds (1 allocation: 32 bytes)
 37.166331 seconds (1 allocation: 32 bytes)
 36.583139 seconds (1 allocation: 32 bytes)
 43.473229 seconds (1 allocation: 32 bytes)
 41.985653 seconds (1 allocation: 32 bytes)
 36.613589 seconds (7 allocations: 224 bytes)
 34.359902 seconds (1 allocation: 32 bytes)
 37.836499 seconds (1 allocation: 32 bytes)
 37.000192 seconds (1 allocation: 32 bytes)
 35.962939 seconds (7 allocations: 224 bytes)
 36.729115 seconds (7 allocations: 224 bytes)
 43.648900 seconds (7 allocations: 224 bytes)
 41.667432 seconds (1 allocation: 32 bytes)
 37.758618 seconds (1 allocation: 32 bytes)
 39.165956 seconds (1 allocation: 32 bytes)
 38.869222 seconds (1 allocation: 32 bytes)
 46.041638 seconds (1 allocation: 32 bytes)
 46.298301 seconds (1 allocation: 32 bytes)
 46.281645 seconds (1 allocation: 32 bytes)
 47.056614 seconds (1 allocation: 32 bytes)
 41.200072 seconds (1 allocation: 32 bytes)
 43.369035 seconds (5 allocations: 160 bytes)
 38.077686 seconds (1 allocation: 32 bytes)
 37.667263 seconds (1 allocation: 32 bytes)
 36.377572 seconds (2 allocations: 64 bytes)
 53.070145 seconds (1 allocation: 32 bytes)
 43.617158 seconds (6 allocations: 192 bytes)
 41.263966 seconds (1 allocation: 32 bytes)
 46.210719 seconds (1 allocation: 32 bytes)
 42.234993 seconds (1 allocation: 32 bytes)
 42.063149 seconds (7 allocations: 224 bytes)
 41.003179 seconds (1 allocation: 32 bytes)
 40.228106 seconds (1 allocation: 32 bytes)
 41.914033 seconds (1 allocation: 32 bytes)
 36.507524 seconds (1 allocation: 32 bytes)
 32.622558 seconds (1 allocation: 32 bytes)
 34.077560 seconds (1 allocation: 32 bytes)
 39.897464 seconds (1 allocation: 32 bytes)
 31.827707 seconds (1 allocation: 32 bytes)
 32.538183 seconds (5 allocations: 160 bytes)
 37.765648 seconds (1 allocation: 32 bytes)
 36.792568 seconds (7 allocations: 224 bytes)
 34.447118 seconds (1 allocation: 32 bytes)
 38.197334 seconds (1 allocation: 32 bytes)
 27.106872 seconds (1 allocation: 32 bytes)
 26.897263 seconds (1 allocation: 32 bytes)
 26.536746 seconds (1 allocation: 32 bytes)
 30.106414 seconds (1 allocation: 32 bytes)
 35.065480 seconds (1 allocation: 32 bytes)
 35.017602 seconds (1 allocation: 32 bytes)
 38.845131 seconds (7 allocations: 224 bytes)
 40.847983 seconds (7 allocations: 224 bytes)
 39.781345 seconds (1 allocation: 32 bytes)
 41.450521 seconds (1 allocation: 32 bytes)
 37.123284 seconds (1 allocation: 32 bytes)
 37.720920 seconds (1 allocation: 32 bytes)
 28.445537 seconds (1 allocation: 32 bytes)
 28.920378 seconds (1 allocation: 32 bytes)
 29.991746 seconds (19 allocations: 608 bytes)
 41.464852 seconds (1 allocation: 32 bytes)
 42.015556 seconds (1 allocation: 32 bytes)
 38.101406 seconds (1 allocation: 32 bytes)
 35.578313 seconds (1 allocation: 32 bytes)
 36.815908 seconds (1 allocation: 32 bytes)
 40.777486 seconds (1 allocation: 32 bytes)
 43.746061 seconds (7 allocations: 224 bytes)
 43.567706 seconds (11 allocations: 352 bytes)
 36.875111 seconds (1 allocation: 32 bytes)
 34.529226 seconds (1 allocation: 32 bytes)
 36.101610 seconds (1 allocation: 32 bytes)
 35.124324 seconds (1 allocation: 32 bytes)
 35.994608 seconds (1 allocation: 32 bytes)
 34.038260 seconds (1 allocation: 32 bytes)
 36.269281 seconds (13 allocations: 416 bytes)
 40.822546 seconds (1 allocation: 32 bytes)
 35.856030 seconds (7 allocations: 224 bytes)
 37.807382 seconds (1 allocation: 32 bytes)
 37.739862 seconds (1 allocation: 32 bytes)
 36.245133 seconds (7 allocations: 224 bytes)
 32.862737 seconds (1 allocation: 32 bytes)
 30.873515 seconds (1 allocation: 32 bytes)
 25.006287 seconds (1 allocation: 32 bytes)
 25.701539 seconds (1 allocation: 32 bytes)
 32.410594 seconds (7 allocations: 224 bytes)
 35.397254 seconds (12 allocations: 384 bytes)
 37.585632 seconds (1 allocation: 32 bytes)
 39.428621 seconds (1 allocation: 32 bytes)
 37.094546 seconds (1 allocation: 32 bytes)
 36.415082 seconds (1 allocation: 32 bytes)
 33.157325 seconds (8 allocations: 256 bytes)
 33.365815 seconds (1 allocation: 32 bytes)
 32.796191 seconds (1 allocation: 32 bytes)
 39.230070 seconds (1 allocation: 32 bytes)
 39.683701 seconds (1 allocation: 32 bytes)
 40.119010 seconds (1 allocation: 32 bytes)
 45.302830 seconds (1 allocation: 32 bytes)
 43.318995 seconds (1 allocation: 32 bytes)
 42.416784 seconds (1 allocation: 32 bytes)
 40.341578 seconds (1 allocation: 32 bytes)
 41.137558 seconds (1 allocation: 32 bytes)
 40.320473 seconds (1 allocation: 32 bytes)
 40.968339 seconds (1 allocation: 32 bytes)
 39.823670 seconds (1 allocation: 32 bytes)
 40.452813 seconds (10 allocations: 320 bytes)
 38.739473 seconds (1 allocation: 32 bytes)
 39.199628 seconds (1 allocation: 32 bytes)
 44.584573 seconds (5 allocations: 160 bytes)
 38.331304 seconds (1 allocation: 32 bytes)
 37.593297 seconds (1 allocation: 32 bytes)
 39.653744 seconds (1 allocation: 32 bytes)
 38.371159 seconds (7 allocations: 224 bytes)
 38.677010 seconds (1 allocation: 32 bytes)
 45.679030 seconds (5 allocations: 160 bytes)
 36.855784 seconds (1 allocation: 32 bytes)
 40.779488 seconds (11 allocations: 352 bytes)
 39.475838 seconds (1 allocation: 32 bytes)
 43.631081 seconds (1 allocation: 32 bytes)
 44.729890 seconds (1 allocation: 32 bytes)
 42.861475 seconds (1 allocation: 32 bytes)
 44.556949 seconds (1 allocation: 32 bytes)
 40.227053 seconds (6 allocations: 192 bytes)
 43.056227 seconds (1 allocation: 32 bytes)
 45.141651 seconds (5 allocations: 160 bytes)
 39.012537 seconds (1 allocation: 32 bytes)
 35.994532 seconds (1 allocation: 32 bytes)
 34.184088 seconds (1 allocation: 32 bytes)
 33.617685 seconds (1 allocation: 32 bytes)
 31.082047 seconds (1 allocation: 32 bytes)
 30.163696 seconds (1 allocation: 32 bytes)
 35.964234 seconds (1 allocation: 32 bytes)
 38.387877 seconds (1 allocation: 32 bytes)
 41.165317 seconds (1 allocation: 32 bytes)
 42.153538 seconds (1 allocation: 32 bytes)
 42.385912 seconds (1 allocation: 32 bytes)
 42.547607 seconds (1 allocation: 32 bytes)
 40.246241 seconds (1 allocation: 32 bytes)
 35.389511 seconds (1 allocation: 32 bytes)
 36.589229 seconds (1 allocation: 32 bytes)
 34.944018 seconds (1 allocation: 32 bytes)
 29.911297 seconds (1 allocation: 32 bytes)
 38.249701 seconds (1 allocation: 32 bytes)
 33.474624 seconds (1 allocation: 32 bytes)
 30.581852 seconds (1 allocation: 32 bytes)
 26.329583 seconds (1 allocation: 32 bytes)
 27.188629 seconds (1 allocation: 32 bytes)
 27.117784 seconds (1 allocation: 32 bytes)
 24.431356 seconds (1 allocation: 32 bytes)
 25.731736 seconds (1 allocation: 32 bytes)
 26.526698 seconds (1 allocation: 32 bytes)
 23.712201 seconds (1 allocation: 32 bytes)
 24.140332 seconds (1 allocation: 32 bytes)
 23.971619 seconds (1 allocation: 32 bytes)
 24.112773 seconds (1 allocation: 32 bytes)
 23.767542 seconds (1 allocation: 32 bytes)
 21.498859 seconds (1 allocation: 32 bytes)
 21.428799 seconds (1 allocation: 32 bytes)
 22.692998 seconds (1 allocation: 32 bytes)
 21.071783 seconds (1 allocation: 32 bytes)
 20.917058 seconds (1 allocation: 32 bytes)
 21.143999 seconds (1 allocation: 32 bytes)
 23.182381 seconds (1 allocation: 32 bytes)
 30.552539 seconds (1 allocation: 32 bytes)
 24.768464 seconds (1 allocation: 32 bytes)
 23.836436 seconds (1 allocation: 32 bytes)
 73.559007 seconds
 66.696937 seconds
 65.984314 seconds
 68.995114 seconds
 66.202557 seconds
 65.894764 seconds
 61.625996 seconds
 64.946897 seconds
 66.665420 seconds
 69.228876 seconds
 67.367066 seconds
 65.688132 seconds
 61.713815 seconds
 54.274253 seconds
 50.859918 seconds
 53.082827 seconds
 48.946490 seconds
 49.285020 seconds
 58.411346 seconds
 48.510419 seconds

------------------------------------------------------------
Sender: LSF System <lsfadmin@e4farm02.ge.infn.it>
Subject: Job 713017: </farmdisk1/mbonici/trained_hanyu_10000/job_ct_2_2.sh> in cluster <infnge> Done

Job </farmdisk1/mbonici/trained_hanyu_10000/job_ct_2_2.sh> was submitted from host <farmuisl7.ge.infn.it> by user <mbonici> in cluster <infnge>.
Job was executed on host(s) <8*e4farm02.ge.infn.it>, in queue <medium>, as user <mbonici> in cluster <infnge>.
</home/mbonici> was used as the home directory.
</home/mbonici/Effort_trainer> was used as the working directory.
Started at Sun Mar 10 05:39:31 2024
Results reported on Sun Mar 10 07:58:11 2024

Your job looked like:

------------------------------------------------------------
# LSBATCH: User input
/farmdisk1/mbonici/trained_hanyu_10000/job_ct_2_2.sh
------------------------------------------------------------

Successfully completed.

Resource usage summary:

    CPU time :                                   62292.76 sec.
    Max Memory :                                 742 MB
    Average Memory :                             711.60 MB
    Total Requested Memory :                     4096.00 MB
    Delta Memory :                               3354.00 MB
    Max Processes :                              4
    Max Threads :                                60

The output (if any) is above this job summary.



PS:

Read file </farmdisk1/mbonici/trained_hanyu_10000/job_ct_2_2.err> for stderr output of this job.

