 37.731032 seconds (13.72 M allocations: 846.246 MiB, 0.84% gc time, 19.45% compilation time)
 35.091513 seconds (1 allocation: 32 bytes)
 36.088347 seconds (1 allocation: 32 bytes)
 36.413955 seconds (6 allocations: 192 bytes)
 32.055000 seconds (1 allocation: 32 bytes)
 35.296796 seconds (1 allocation: 32 bytes)
 33.575812 seconds (1 allocation: 32 bytes)
 31.790153 seconds (1 allocation: 32 bytes)
 33.331343 seconds (1 allocation: 32 bytes)
 32.582696 seconds (1 allocation: 32 bytes)
 34.846902 seconds (1 allocation: 32 bytes)
 37.919923 seconds (1 allocation: 32 bytes)
 34.360977 seconds (1 allocation: 32 bytes)
 33.997797 seconds (19 allocations: 608 bytes)
 29.961614 seconds (1 allocation: 32 bytes)
 29.119046 seconds (1 allocation: 32 bytes)
 27.465796 seconds (6 allocations: 192 bytes)
 27.121451 seconds (1 allocation: 32 bytes)
 26.993225 seconds (1 allocation: 32 bytes)
 27.132730 seconds (1 allocation: 32 bytes)
 27.725799 seconds (1 allocation: 32 bytes)
 28.791403 seconds (1 allocation: 32 bytes)
 29.872759 seconds (7 allocations: 224 bytes)
 32.359953 seconds (1 allocation: 32 bytes)
 31.177634 seconds (1 allocation: 32 bytes)
 28.296044 seconds (1 allocation: 32 bytes)
 29.593863 seconds (1 allocation: 32 bytes)
 32.426223 seconds (1 allocation: 32 bytes)
 27.291986 seconds (1 allocation: 32 bytes)
 25.315674 seconds (1 allocation: 32 bytes)
 24.732345 seconds (1 allocation: 32 bytes)
 21.844887 seconds (1 allocation: 32 bytes)
 22.280900 seconds (1 allocation: 32 bytes)
 21.388198 seconds (1 allocation: 32 bytes)
 21.717480 seconds (7 allocations: 224 bytes)
 20.998724 seconds (1 allocation: 32 bytes)
 24.430355 seconds (8 allocations: 256 bytes)
 26.252468 seconds (1 allocation: 32 bytes)
 24.365725 seconds (1 allocation: 32 bytes)
 24.303482 seconds (1 allocation: 32 bytes)
 22.966105 seconds (1 allocation: 32 bytes)
 27.744460 seconds (1 allocation: 32 bytes)
 29.147247 seconds (1 allocation: 32 bytes)
 24.712888 seconds (1 allocation: 32 bytes)
 23.281042 seconds (1 allocation: 32 bytes)
 25.478575 seconds (1 allocation: 32 bytes)
 24.270894 seconds (7 allocations: 224 bytes)
 24.828277 seconds (1 allocation: 32 bytes)
 26.569954 seconds (7 allocations: 224 bytes)
 24.145654 seconds (1 allocation: 32 bytes)
 22.388906 seconds (1 allocation: 32 bytes)
 22.975716 seconds (1 allocation: 32 bytes)
 25.777010 seconds (1 allocation: 32 bytes)
 26.757267 seconds (1 allocation: 32 bytes)
 26.167101 seconds (1 allocation: 32 bytes)
 26.139380 seconds (1 allocation: 32 bytes)
 27.441361 seconds (7 allocations: 224 bytes)
 28.849268 seconds (13 allocations: 416 bytes)
 22.217836 seconds (1 allocation: 32 bytes)
 23.554726 seconds (1 allocation: 32 bytes)
 33.110261 seconds (1 allocation: 32 bytes)
 31.451654 seconds (1 allocation: 32 bytes)
 30.298027 seconds (1 allocation: 32 bytes)
 28.478163 seconds (1 allocation: 32 bytes)
 27.629291 seconds (1 allocation: 32 bytes)
 22.420015 seconds (5 allocations: 160 bytes)
 18.460104 seconds (1 allocation: 32 bytes)
 17.673108 seconds (1 allocation: 32 bytes)
 22.755969 seconds (1 allocation: 32 bytes)
 23.276635 seconds (7 allocations: 224 bytes)
 21.695391 seconds (1 allocation: 32 bytes)
 23.702113 seconds (14 allocations: 448 bytes)
 20.009111 seconds (1 allocation: 32 bytes)
 18.198686 seconds (1 allocation: 32 bytes)
 18.121785 seconds (1 allocation: 32 bytes)
 18.428035 seconds (1 allocation: 32 bytes)
 19.743175 seconds (1 allocation: 32 bytes)
 20.183782 seconds (1 allocation: 32 bytes)
 20.360513 seconds (7 allocations: 224 bytes)
 20.931126 seconds (1 allocation: 32 bytes)
 20.854795 seconds (7 allocations: 224 bytes)
 19.761665 seconds (1 allocation: 32 bytes)
 20.649816 seconds (1 allocation: 32 bytes)
 19.594280 seconds (1 allocation: 32 bytes)
 20.062199 seconds (13 allocations: 416 bytes)
 16.579910 seconds (8 allocations: 256 bytes)
 15.846744 seconds (1 allocation: 32 bytes)
 17.913574 seconds (13 allocations: 416 bytes)
 19.853440 seconds (1 allocation: 32 bytes)
 18.772173 seconds (1 allocation: 32 bytes)
 19.296986 seconds (1 allocation: 32 bytes)
 19.751726 seconds (1 allocation: 32 bytes)
 20.422601 seconds (1 allocation: 32 bytes)
 20.936222 seconds (1 allocation: 32 bytes)
 16.079179 seconds (1 allocation: 32 bytes)
 17.473922 seconds (1 allocation: 32 bytes)
 18.538034 seconds (7 allocations: 224 bytes)
 21.848856 seconds (1 allocation: 32 bytes)
 20.133088 seconds (1 allocation: 32 bytes)
 19.818160 seconds (1 allocation: 32 bytes)
 22.114615 seconds (1 allocation: 32 bytes)
 21.755581 seconds (1 allocation: 32 bytes)
 27.476563 seconds (33 allocations: 1.031 KiB)
 24.610443 seconds (1 allocation: 32 bytes)
 25.119145 seconds (1 allocation: 32 bytes)
 23.893742 seconds (1 allocation: 32 bytes)
 21.811853 seconds (1 allocation: 32 bytes)
 21.412614 seconds (1 allocation: 32 bytes)
 20.513292 seconds (1 allocation: 32 bytes)
 20.186740 seconds (1 allocation: 32 bytes)
 19.173033 seconds (1 allocation: 32 bytes)
 18.145082 seconds (1 allocation: 32 bytes)
 17.724158 seconds (1 allocation: 32 bytes)
 18.525662 seconds (1 allocation: 32 bytes)
 18.135290 seconds (1 allocation: 32 bytes)
 17.724380 seconds (1 allocation: 32 bytes)
 18.441293 seconds (1 allocation: 32 bytes)
 18.651452 seconds (7 allocations: 224 bytes)
 20.724254 seconds (1 allocation: 32 bytes)
 24.702141 seconds (1 allocation: 32 bytes)
 23.867680 seconds (1 allocation: 32 bytes)
 25.136317 seconds (1 allocation: 32 bytes)
 23.186560 seconds (1 allocation: 32 bytes)
 20.620335 seconds (1 allocation: 32 bytes)
 21.251730 seconds (1 allocation: 32 bytes)
 20.646066 seconds (1 allocation: 32 bytes)
 20.372731 seconds (1 allocation: 32 bytes)
 22.085320 seconds (1 allocation: 32 bytes)
 19.204995 seconds (1 allocation: 32 bytes)
 27.153144 seconds (1 allocation: 32 bytes)
 31.831610 seconds (7 allocations: 224 bytes)
 27.705901 seconds (1 allocation: 32 bytes)
 27.138114 seconds (1 allocation: 32 bytes)
 26.528284 seconds (1 allocation: 32 bytes)
 27.215500 seconds (1 allocation: 32 bytes)
 27.041837 seconds (1 allocation: 32 bytes)
 27.388688 seconds (1 allocation: 32 bytes)
 28.903626 seconds (1 allocation: 32 bytes)
 29.357280 seconds (1 allocation: 32 bytes)
 27.493860 seconds (1 allocation: 32 bytes)
 26.108005 seconds (1 allocation: 32 bytes)
 31.004742 seconds (9 allocations: 288 bytes)
 26.643276 seconds (6 allocations: 192 bytes)
 26.179787 seconds (1 allocation: 32 bytes)
 27.677584 seconds (1 allocation: 32 bytes)
 27.870007 seconds (1 allocation: 32 bytes)
 29.676577 seconds (1 allocation: 32 bytes)
 31.654408 seconds (1 allocation: 32 bytes)
 31.927179 seconds (1 allocation: 32 bytes)
 32.498366 seconds (1 allocation: 32 bytes)
 30.838894 seconds (1 allocation: 32 bytes)
 31.983051 seconds (1 allocation: 32 bytes)
 32.148687 seconds (1 allocation: 32 bytes)
 23.784215 seconds (1 allocation: 32 bytes)
 22.858799 seconds (1 allocation: 32 bytes)
 27.565639 seconds (1 allocation: 32 bytes)
 27.496667 seconds (1 allocation: 32 bytes)
 30.207332 seconds (1 allocation: 32 bytes)
 26.686229 seconds (1 allocation: 32 bytes)
 25.678509 seconds (6 allocations: 192 bytes)
 28.255729 seconds (1 allocation: 32 bytes)
 30.731559 seconds (1 allocation: 32 bytes)
 30.412414 seconds (8 allocations: 256 bytes)
 26.538521 seconds (1 allocation: 32 bytes)
 29.073413 seconds (1 allocation: 32 bytes)
 31.438942 seconds (1 allocation: 32 bytes)
 31.906834 seconds (1 allocation: 32 bytes)
 35.037168 seconds (1 allocation: 32 bytes)
 26.289479 seconds (1 allocation: 32 bytes)
 27.467702 seconds (1 allocation: 32 bytes)
 31.889010 seconds (6 allocations: 192 bytes)
 33.296589 seconds (1 allocation: 32 bytes)
 32.828417 seconds (3 allocations: 96 bytes)
 31.917115 seconds (1 allocation: 32 bytes)
 35.182010 seconds (1 allocation: 32 bytes)
 33.020495 seconds (1 allocation: 32 bytes)
 30.270452 seconds (1 allocation: 32 bytes)
 34.340413 seconds (1 allocation: 32 bytes)
 33.409430 seconds (1 allocation: 32 bytes)
 25.060944 seconds (7 allocations: 224 bytes)
 74.350935 seconds (18 allocations: 576 bytes)
 87.211886 seconds
 96.457790 seconds
 74.265276 seconds
 71.655844 seconds
 75.399875 seconds
 73.886094 seconds
 76.069252 seconds (5 allocations: 160 bytes)
 65.189858 seconds (6 allocations: 192 bytes)
 64.100982 seconds
 72.421045 seconds
 84.075761 seconds
 86.472683 seconds (18 allocations: 576 bytes)
 82.189168 seconds
 77.269282 seconds
 63.932508 seconds
 67.278882 seconds (10 allocations: 320 bytes)
 70.763563 seconds
 58.059727 seconds
 55.326422 seconds

------------------------------------------------------------
Sender: LSF System <lsfadmin@e4farm04.ge.infn.it>
Subject: Job 712995: </farmdisk1/mbonici/trained_hanyu_10000/job_11_0_0.sh> in cluster <infnge> Done

Job </farmdisk1/mbonici/trained_hanyu_10000/job_11_0_0.sh> was submitted from host <farmuisl7.ge.infn.it> by user <mbonici> in cluster <infnge>.
Job was executed on host(s) <8*e4farm04.ge.infn.it>, in queue <medium>, as user <mbonici> in cluster <infnge>.
</home/mbonici> was used as the home directory.
</home/mbonici/Effort_trainer> was used as the working directory.
Started at Sun Mar 10 05:39:30 2024
Results reported on Sun Mar 10 07:29:56 2024

Your job looked like:

------------------------------------------------------------
# LSBATCH: User input
/farmdisk1/mbonici/trained_hanyu_10000/job_11_0_0.sh
------------------------------------------------------------

Successfully completed.

Resource usage summary:

    CPU time :                                   48747.83 sec.
    Max Memory :                                 710 MB
    Average Memory :                             679.10 MB
    Total Requested Memory :                     4096.00 MB
    Delta Memory :                               3386.00 MB
    Max Processes :                              4
    Max Threads :                                60

The output (if any) is above this job summary.



PS:

Read file </farmdisk1/mbonici/trained_hanyu_10000/job_11_0_0.err> for stderr output of this job.

