 34.283187 seconds (13.72 M allocations: 846.269 MiB, 0.87% gc time, 20.92% compilation time)
 31.074974 seconds (1 allocation: 32 bytes)
 22.814740 seconds (1 allocation: 32 bytes)
 22.509092 seconds (1 allocation: 32 bytes)
 32.159956 seconds (1 allocation: 32 bytes)
 36.305705 seconds (6 allocations: 192 bytes)
 37.116805 seconds (6 allocations: 192 bytes)
 29.103921 seconds (1 allocation: 32 bytes)
 28.157630 seconds (1 allocation: 32 bytes)
 26.545308 seconds (1 allocation: 32 bytes)
 23.987896 seconds (1 allocation: 32 bytes)
 23.186511 seconds (1 allocation: 32 bytes)
 24.270435 seconds (1 allocation: 32 bytes)
 28.317677 seconds (1 allocation: 32 bytes)
 26.986765 seconds (1 allocation: 32 bytes)
 24.777807 seconds (5 allocations: 160 bytes)
 28.245135 seconds (9 allocations: 288 bytes)
 29.675241 seconds (10 allocations: 320 bytes)
 24.854954 seconds (1 allocation: 32 bytes)
 25.273720 seconds (1 allocation: 32 bytes)
 27.206746 seconds (1 allocation: 32 bytes)
 26.959845 seconds (1 allocation: 32 bytes)
 25.192356 seconds (1 allocation: 32 bytes)
 24.248635 seconds (1 allocation: 32 bytes)
 23.999398 seconds (1 allocation: 32 bytes)
 24.596395 seconds (1 allocation: 32 bytes)
 24.729239 seconds (1 allocation: 32 bytes)
 24.269354 seconds (1 allocation: 32 bytes)
 28.912573 seconds (6 allocations: 192 bytes)
 26.798327 seconds (1 allocation: 32 bytes)
 18.683572 seconds (1 allocation: 32 bytes)
 18.848267 seconds (1 allocation: 32 bytes)
 19.988152 seconds (1 allocation: 32 bytes)
 18.567742 seconds (1 allocation: 32 bytes)
 20.764327 seconds (1 allocation: 32 bytes)
 22.069474 seconds (1 allocation: 32 bytes)
 24.694870 seconds (1 allocation: 32 bytes)
 21.710404 seconds (1 allocation: 32 bytes)
 20.825399 seconds (1 allocation: 32 bytes)
 20.822281 seconds (1 allocation: 32 bytes)
 21.395141 seconds (1 allocation: 32 bytes)
 20.823483 seconds (1 allocation: 32 bytes)
 29.336026 seconds (7 allocations: 224 bytes)
 28.339544 seconds (1 allocation: 32 bytes)
 28.141157 seconds (6 allocations: 192 bytes)
 26.638614 seconds (1 allocation: 32 bytes)
 26.127792 seconds (1 allocation: 32 bytes)
 25.825219 seconds (1 allocation: 32 bytes)
 28.438670 seconds (1 allocation: 32 bytes)
 29.961980 seconds (1 allocation: 32 bytes)
 31.192639 seconds (1 allocation: 32 bytes)
 31.278792 seconds (1 allocation: 32 bytes)
 30.463404 seconds (7 allocations: 224 bytes)
 34.772892 seconds (1 allocation: 32 bytes)
 34.349701 seconds (7 allocations: 224 bytes)
 28.570077 seconds (1 allocation: 32 bytes)
 32.015728 seconds (1 allocation: 32 bytes)
 32.892444 seconds (1 allocation: 32 bytes)
 31.491682 seconds (1 allocation: 32 bytes)
 31.149596 seconds (1 allocation: 32 bytes)
 28.281594 seconds (1 allocation: 32 bytes)
 27.003215 seconds (1 allocation: 32 bytes)
 34.393504 seconds (1 allocation: 32 bytes)
 34.030691 seconds (17 allocations: 544 bytes)
 30.800323 seconds (1 allocation: 32 bytes)
 31.540454 seconds (1 allocation: 32 bytes)
 32.072435 seconds (1 allocation: 32 bytes)
 32.103368 seconds (1 allocation: 32 bytes)
 28.521480 seconds (1 allocation: 32 bytes)
 26.939176 seconds (1 allocation: 32 bytes)
 26.509506 seconds (1 allocation: 32 bytes)
 30.587215 seconds (1 allocation: 32 bytes)
 31.450940 seconds (6 allocations: 192 bytes)
 22.175718 seconds (1 allocation: 32 bytes)
 20.426862 seconds (1 allocation: 32 bytes)
 25.875479 seconds (1 allocation: 32 bytes)
 24.782152 seconds (1 allocation: 32 bytes)
 23.383212 seconds (1 allocation: 32 bytes)
 25.140498 seconds (1 allocation: 32 bytes)
 21.171867 seconds (1 allocation: 32 bytes)
 19.350472 seconds (1 allocation: 32 bytes)
 18.572868 seconds (1 allocation: 32 bytes)
 20.567836 seconds (1 allocation: 32 bytes)
 22.737594 seconds (1 allocation: 32 bytes)
 22.687542 seconds (16 allocations: 512 bytes)
 20.367035 seconds (1 allocation: 32 bytes)
 24.487298 seconds (1 allocation: 32 bytes)
 24.738410 seconds (1 allocation: 32 bytes)
 25.435784 seconds (1 allocation: 32 bytes)
 24.573329 seconds (1 allocation: 32 bytes)
 21.062889 seconds (1 allocation: 32 bytes)
 21.079155 seconds (1 allocation: 32 bytes)
 23.129529 seconds (1 allocation: 32 bytes)
 23.308379 seconds (1 allocation: 32 bytes)
 24.109367 seconds (1 allocation: 32 bytes)
 23.001269 seconds (1 allocation: 32 bytes)
 22.335660 seconds (6 allocations: 192 bytes)
 26.118685 seconds (1 allocation: 32 bytes)
 24.149697 seconds (1 allocation: 32 bytes)
 26.335537 seconds (7 allocations: 224 bytes)
 26.422283 seconds (1 allocation: 32 bytes)
 26.921573 seconds (1 allocation: 32 bytes)
 25.737446 seconds (1 allocation: 32 bytes)
 29.114179 seconds (5 allocations: 160 bytes)
 27.506443 seconds (1 allocation: 32 bytes)
 24.336080 seconds (7 allocations: 224 bytes)
 24.191322 seconds (1 allocation: 32 bytes)
 23.515371 seconds (7 allocations: 224 bytes)
 22.232270 seconds (1 allocation: 32 bytes)
 20.990069 seconds (1 allocation: 32 bytes)
 25.944363 seconds (6 allocations: 192 bytes)
 23.913244 seconds (1 allocation: 32 bytes)
 25.900870 seconds (1 allocation: 32 bytes)
 24.611970 seconds (7 allocations: 224 bytes)
 24.517784 seconds (1 allocation: 32 bytes)
 19.107955 seconds (7 allocations: 224 bytes)
 18.177305 seconds (1 allocation: 32 bytes)
 18.045404 seconds (1 allocation: 32 bytes)
 18.344773 seconds (1 allocation: 32 bytes)
 17.318774 seconds (1 allocation: 32 bytes)
 16.973479 seconds (1 allocation: 32 bytes)
 17.400797 seconds (1 allocation: 32 bytes)
 17.065279 seconds (1 allocation: 32 bytes)
 20.290684 seconds (1 allocation: 32 bytes)
 23.086422 seconds (1 allocation: 32 bytes)
 23.078625 seconds (1 allocation: 32 bytes)
 28.899900 seconds (1 allocation: 32 bytes)
 25.805164 seconds (1 allocation: 32 bytes)
 25.984072 seconds (1 allocation: 32 bytes)
 22.364279 seconds (1 allocation: 32 bytes)
 18.217751 seconds (1 allocation: 32 bytes)
 21.002215 seconds (1 allocation: 32 bytes)
 21.157174 seconds (1 allocation: 32 bytes)
 20.957445 seconds (1 allocation: 32 bytes)
 20.508662 seconds (1 allocation: 32 bytes)
 20.710808 seconds (1 allocation: 32 bytes)
 21.127261 seconds (1 allocation: 32 bytes)
 20.685891 seconds (1 allocation: 32 bytes)
 20.631462 seconds (1 allocation: 32 bytes)
 21.201082 seconds (1 allocation: 32 bytes)
 21.703287 seconds (1 allocation: 32 bytes)
 22.214978 seconds (1 allocation: 32 bytes)
 19.196818 seconds (1 allocation: 32 bytes)
 18.174124 seconds (1 allocation: 32 bytes)
 23.161742 seconds (1 allocation: 32 bytes)
 24.423299 seconds (1 allocation: 32 bytes)
 26.560699 seconds (5 allocations: 160 bytes)
 26.068955 seconds (1 allocation: 32 bytes)
 24.031736 seconds (1 allocation: 32 bytes)
 26.094353 seconds (5 allocations: 160 bytes)
 29.219795 seconds (1 allocation: 32 bytes)
 30.287029 seconds (11 allocations: 352 bytes)
 28.353924 seconds (1 allocation: 32 bytes)
 29.720646 seconds (1 allocation: 32 bytes)
 29.726879 seconds (1 allocation: 32 bytes)
 26.361700 seconds (1 allocation: 32 bytes)
 25.141123 seconds (1 allocation: 32 bytes)
 25.735092 seconds (1 allocation: 32 bytes)
 24.317182 seconds (1 allocation: 32 bytes)
 24.382395 seconds (1 allocation: 32 bytes)
 25.515167 seconds (1 allocation: 32 bytes)
 27.122264 seconds (5 allocations: 160 bytes)
 25.953252 seconds (16 allocations: 512 bytes)
 25.034302 seconds (1 allocation: 32 bytes)
 24.772330 seconds (1 allocation: 32 bytes)
 24.000239 seconds (1 allocation: 32 bytes)
 23.655793 seconds (1 allocation: 32 bytes)
 29.505866 seconds (1 allocation: 32 bytes)
 27.963569 seconds (1 allocation: 32 bytes)
 27.888350 seconds (1 allocation: 32 bytes)
 27.627932 seconds (1 allocation: 32 bytes)
 26.757273 seconds (1 allocation: 32 bytes)
 25.369438 seconds (7 allocations: 224 bytes)
 23.612163 seconds (1 allocation: 32 bytes)
 31.491544 seconds (1 allocation: 32 bytes)
 28.035276 seconds (1 allocation: 32 bytes)
 26.452641 seconds (1 allocation: 32 bytes)
 26.648425 seconds (1 allocation: 32 bytes)
 26.161326 seconds (1 allocation: 32 bytes)
 32.522265 seconds (1 allocation: 32 bytes)
 77.201908 seconds (6 allocations: 192 bytes)
106.365515 seconds
119.215870 seconds
103.133836 seconds (12 allocations: 384 bytes)
 91.525775 seconds
 91.776534 seconds
 88.926166 seconds (10 allocations: 320 bytes)
 83.787859 seconds (9 allocations: 288 bytes)
102.694331 seconds
 94.958987 seconds
 78.529204 seconds
 86.814527 seconds
 82.463801 seconds
 62.948868 seconds
 69.163605 seconds
 68.625064 seconds
 72.810361 seconds
 54.004747 seconds
 61.141962 seconds
 54.460788 seconds

------------------------------------------------------------
Sender: LSF System <lsfadmin@e4farm02.ge.infn.it>
Subject: Job 713009: </farmdisk1/mbonici/trained_hanyu_10000/job_11_2_2.sh> in cluster <infnge> Done

Job </farmdisk1/mbonici/trained_hanyu_10000/job_11_2_2.sh> was submitted from host <farmuisl7.ge.infn.it> by user <mbonici> in cluster <infnge>.
Job was executed on host(s) <8*e4farm02.ge.infn.it>, in queue <medium>, as user <mbonici> in cluster <infnge>.
</home/mbonici> was used as the home directory.
</home/mbonici/Effort_trainer> was used as the working directory.
Started at Sun Mar 10 05:39:31 2024
Results reported on Sun Mar 10 07:31:30 2024

Your job looked like:

------------------------------------------------------------
# LSBATCH: User input
/farmdisk1/mbonici/trained_hanyu_10000/job_11_2_2.sh
------------------------------------------------------------

Successfully completed.

Resource usage summary:

    CPU time :                                   49501.25 sec.
    Max Memory :                                 707 MB
    Average Memory :                             668.74 MB
    Total Requested Memory :                     4096.00 MB
    Delta Memory :                               3389.00 MB
    Max Processes :                              4
    Max Threads :                                60

The output (if any) is above this job summary.



PS:

Read file </farmdisk1/mbonici/trained_hanyu_10000/job_11_2_2.err> for stderr output of this job.

