 43.797754 seconds (13.63 M allocations: 840.792 MiB, 0.55% gc time, 16.74% compilation time)
 36.995809 seconds (1 allocation: 32 bytes)
 34.224187 seconds (1 allocation: 32 bytes)
 31.712658 seconds (1 allocation: 32 bytes)
 36.472770 seconds (1 allocation: 32 bytes)
 35.729616 seconds (8 allocations: 256 bytes)
 35.249905 seconds (1 allocation: 32 bytes)
 32.173164 seconds (1 allocation: 32 bytes)
 31.235719 seconds (1 allocation: 32 bytes)
 27.453092 seconds (1 allocation: 32 bytes)
 22.894041 seconds (1 allocation: 32 bytes)
 22.575683 seconds (1 allocation: 32 bytes)
 22.450579 seconds (1 allocation: 32 bytes)
 22.851272 seconds (1 allocation: 32 bytes)
 21.353736 seconds (8 allocations: 256 bytes)
 22.370034 seconds (1 allocation: 32 bytes)
 25.606229 seconds (1 allocation: 32 bytes)
 26.973894 seconds (7 allocations: 224 bytes)
 27.457561 seconds (1 allocation: 32 bytes)
 28.089684 seconds (1 allocation: 32 bytes)
 25.598295 seconds (1 allocation: 32 bytes)
 27.315964 seconds (1 allocation: 32 bytes)
 24.389434 seconds (1 allocation: 32 bytes)
 25.282286 seconds (1 allocation: 32 bytes)
 25.355664 seconds (1 allocation: 32 bytes)
 25.639484 seconds (1 allocation: 32 bytes)
 23.796028 seconds (1 allocation: 32 bytes)
 23.989967 seconds (7 allocations: 224 bytes)
 29.547150 seconds (1 allocation: 32 bytes)
 33.418578 seconds (1 allocation: 32 bytes)
 31.424844 seconds (1 allocation: 32 bytes)
 31.371889 seconds (1 allocation: 32 bytes)
 27.994660 seconds (1 allocation: 32 bytes)
 29.246218 seconds (1 allocation: 32 bytes)
 29.475724 seconds (1 allocation: 32 bytes)
 29.345423 seconds (7 allocations: 224 bytes)
 30.278084 seconds (1 allocation: 32 bytes)
 30.761660 seconds (1 allocation: 32 bytes)
 34.705239 seconds (1 allocation: 32 bytes)
 31.947211 seconds (1 allocation: 32 bytes)
 35.002099 seconds (1 allocation: 32 bytes)
 33.731543 seconds (1 allocation: 32 bytes)
 39.884212 seconds (4 allocations: 128 bytes)
 37.669013 seconds (1 allocation: 32 bytes)
 39.371797 seconds (1 allocation: 32 bytes)
 37.496710 seconds (5 allocations: 160 bytes)
 36.670170 seconds (7 allocations: 224 bytes)
 35.717868 seconds (1 allocation: 32 bytes)
 37.078786 seconds (1 allocation: 32 bytes)
 36.793455 seconds (1 allocation: 32 bytes)
 42.693835 seconds (1 allocation: 32 bytes)
 46.147634 seconds (1 allocation: 32 bytes)
 38.407168 seconds (7 allocations: 224 bytes)
 36.529900 seconds (7 allocations: 224 bytes)
 40.568230 seconds (8 allocations: 256 bytes)
 40.880157 seconds (1 allocation: 32 bytes)
 38.636251 seconds (1 allocation: 32 bytes)
 36.195159 seconds (1 allocation: 32 bytes)
 37.427567 seconds (1 allocation: 32 bytes)
 38.859864 seconds (1 allocation: 32 bytes)
 42.872182 seconds (13 allocations: 416 bytes)
 44.707433 seconds (6 allocations: 192 bytes)
 40.941284 seconds (1 allocation: 32 bytes)
 45.695740 seconds (1 allocation: 32 bytes)
 47.859603 seconds (1 allocation: 32 bytes)
 46.236381 seconds (1 allocation: 32 bytes)
 47.844177 seconds (4 allocations: 128 bytes)
 38.447545 seconds (1 allocation: 32 bytes)
 44.089210 seconds (12 allocations: 384 bytes)
 42.827517 seconds (1 allocation: 32 bytes)
 42.989372 seconds (1 allocation: 32 bytes)
 41.086987 seconds (1 allocation: 32 bytes)
 37.621692 seconds (1 allocation: 32 bytes)
 38.594517 seconds (13 allocations: 416 bytes)
 33.932136 seconds (1 allocation: 32 bytes)
 38.654447 seconds (1 allocation: 32 bytes)
 36.458901 seconds (1 allocation: 32 bytes)
 45.361129 seconds (1 allocation: 32 bytes)
 45.920096 seconds (1 allocation: 32 bytes)
 41.887732 seconds (8 allocations: 256 bytes)
 39.322148 seconds (1 allocation: 32 bytes)
 39.128076 seconds (5 allocations: 160 bytes)
 38.290404 seconds (1 allocation: 32 bytes)
 39.330435 seconds (1 allocation: 32 bytes)
 37.208390 seconds (1 allocation: 32 bytes)
 33.764798 seconds (1 allocation: 32 bytes)
 33.200903 seconds (1 allocation: 32 bytes)
 37.186123 seconds (1 allocation: 32 bytes)
 35.848444 seconds (1 allocation: 32 bytes)
 32.310157 seconds (6 allocations: 192 bytes)
 33.125368 seconds (7 allocations: 224 bytes)
 38.578486 seconds (1 allocation: 32 bytes)
 30.829502 seconds (1 allocation: 32 bytes)
 28.079427 seconds (7 allocations: 224 bytes)
 30.442996 seconds (1 allocation: 32 bytes)
 29.424644 seconds (1 allocation: 32 bytes)
 29.957984 seconds (1 allocation: 32 bytes)
 29.171337 seconds (1 allocation: 32 bytes)
 26.512515 seconds (1 allocation: 32 bytes)
 26.330943 seconds (1 allocation: 32 bytes)
 33.794434 seconds (5 allocations: 160 bytes)
 26.464799 seconds (1 allocation: 32 bytes)
 30.989803 seconds (7 allocations: 224 bytes)
 31.065635 seconds (1 allocation: 32 bytes)
 32.569196 seconds (1 allocation: 32 bytes)
 30.521320 seconds (1 allocation: 32 bytes)
 31.401070 seconds (1 allocation: 32 bytes)
 30.504881 seconds (1 allocation: 32 bytes)
 30.540616 seconds (1 allocation: 32 bytes)
 34.755649 seconds (1 allocation: 32 bytes)
 37.168029 seconds (1 allocation: 32 bytes)
 29.731904 seconds (1 allocation: 32 bytes)
 26.135889 seconds (1 allocation: 32 bytes)
 26.208009 seconds (7 allocations: 224 bytes)
 25.694765 seconds (1 allocation: 32 bytes)
 26.883646 seconds (1 allocation: 32 bytes)
 27.376395 seconds (1 allocation: 32 bytes)
 30.508313 seconds (1 allocation: 32 bytes)
 33.197112 seconds (1 allocation: 32 bytes)
 33.670448 seconds (7 allocations: 224 bytes)
 40.699105 seconds (1 allocation: 32 bytes)
 41.672707 seconds (1 allocation: 32 bytes)
 38.324593 seconds (1 allocation: 32 bytes)
 34.347406 seconds (1 allocation: 32 bytes)
 40.939374 seconds (1 allocation: 32 bytes)
 39.996938 seconds (1 allocation: 32 bytes)
 37.798908 seconds (1 allocation: 32 bytes)
 39.132185 seconds (7 allocations: 224 bytes)
 37.859116 seconds (1 allocation: 32 bytes)
 40.134902 seconds (1 allocation: 32 bytes)
 38.851120 seconds (1 allocation: 32 bytes)
 42.945964 seconds (5 allocations: 160 bytes)
 46.044795 seconds (1 allocation: 32 bytes)
 44.874047 seconds (1 allocation: 32 bytes)
 42.224742 seconds (1 allocation: 32 bytes)
 39.478697 seconds (5 allocations: 160 bytes)
 38.398712 seconds (7 allocations: 224 bytes)
 39.982843 seconds (1 allocation: 32 bytes)
 38.751981 seconds (1 allocation: 32 bytes)
 38.041985 seconds (1 allocation: 32 bytes)
 38.251268 seconds (1 allocation: 32 bytes)
 37.240707 seconds (1 allocation: 32 bytes)
 36.184395 seconds (1 allocation: 32 bytes)
 43.410608 seconds (11 allocations: 352 bytes)
 43.437378 seconds (1 allocation: 32 bytes)
 42.653659 seconds (1 allocation: 32 bytes)
 42.812565 seconds (1 allocation: 32 bytes)
 42.835566 seconds (1 allocation: 32 bytes)
 43.518872 seconds (6 allocations: 192 bytes)
 43.387947 seconds (4 allocations: 128 bytes)
 37.322976 seconds (3 allocations: 96 bytes)
 33.565804 seconds (1 allocation: 32 bytes)
 36.750179 seconds (1 allocation: 32 bytes)
 34.970978 seconds (1 allocation: 32 bytes)
 35.414185 seconds (1 allocation: 32 bytes)
 38.653619 seconds (1 allocation: 32 bytes)
 30.395260 seconds (1 allocation: 32 bytes)
 29.265345 seconds (1 allocation: 32 bytes)
 30.539898 seconds (1 allocation: 32 bytes)
 32.621694 seconds (1 allocation: 32 bytes)
 32.874668 seconds (1 allocation: 32 bytes)
 32.270871 seconds (1 allocation: 32 bytes)
 33.847184 seconds (1 allocation: 32 bytes)
 32.654083 seconds (1 allocation: 32 bytes)
 31.215389 seconds (1 allocation: 32 bytes)
 29.537909 seconds (1 allocation: 32 bytes)
 32.702103 seconds (1 allocation: 32 bytes)
 32.088683 seconds (1 allocation: 32 bytes)
 32.121730 seconds (1 allocation: 32 bytes)
 32.995688 seconds (1 allocation: 32 bytes)
 32.911003 seconds (1 allocation: 32 bytes)
 25.311108 seconds (1 allocation: 32 bytes)
 26.698633 seconds (1 allocation: 32 bytes)
 26.849911 seconds (1 allocation: 32 bytes)
 27.594378 seconds (1 allocation: 32 bytes)
 23.815119 seconds (1 allocation: 32 bytes)
 23.716116 seconds (1 allocation: 32 bytes)
 23.377423 seconds (1 allocation: 32 bytes)
 22.578861 seconds (1 allocation: 32 bytes)
 23.545828 seconds (1 allocation: 32 bytes)
 65.397908 seconds
 62.940881 seconds
 62.971808 seconds
 60.843139 seconds
 63.091049 seconds
 62.501432 seconds
 65.459987 seconds
 73.145673 seconds
 65.816374 seconds
 63.907810 seconds
 63.125020 seconds
 62.309562 seconds
 60.395586 seconds
 62.677304 seconds
 68.631258 seconds
 64.629292 seconds
 63.467233 seconds
 63.620666 seconds
 65.043492 seconds
 78.180752 seconds

------------------------------------------------------------
Sender: LSF System <lsfadmin@e4farm02.ge.infn.it>
Subject: Job 713015: </farmdisk1/mbonici/trained_hanyu_10000/job_ct_2_0.sh> in cluster <infnge> Done

Job </farmdisk1/mbonici/trained_hanyu_10000/job_ct_2_0.sh> was submitted from host <farmuisl7.ge.infn.it> by user <mbonici> in cluster <infnge>.
Job was executed on host(s) <8*e4farm02.ge.infn.it>, in queue <medium>, as user <mbonici> in cluster <infnge>.
</home/mbonici> was used as the home directory.
</home/mbonici/Effort_trainer> was used as the working directory.
Started at Sun Mar 10 05:39:31 2024
Results reported on Sun Mar 10 07:52:39 2024

Your job looked like:

------------------------------------------------------------
# LSBATCH: User input
/farmdisk1/mbonici/trained_hanyu_10000/job_ct_2_0.sh
------------------------------------------------------------

Successfully completed.

Resource usage summary:

    CPU time :                                   59643.87 sec.
    Max Memory :                                 741 MB
    Average Memory :                             705.56 MB
    Total Requested Memory :                     4096.00 MB
    Delta Memory :                               3355.00 MB
    Max Processes :                              4
    Max Threads :                                60

The output (if any) is above this job summary.



PS:

Read file </farmdisk1/mbonici/trained_hanyu_10000/job_ct_2_0.err> for stderr output of this job.

