 67.530898 seconds (13.63 M allocations: 841.032 MiB, 0.30% gc time, 10.42% compilation time)
 63.038548 seconds (1 allocation: 32 bytes)
 61.323237 seconds (1 allocation: 32 bytes)
 58.691177 seconds (1 allocation: 32 bytes)
 59.195882 seconds (1 allocation: 32 bytes)
 52.607425 seconds (1 allocation: 32 bytes)
 43.867448 seconds (1 allocation: 32 bytes)
 42.425869 seconds (1 allocation: 32 bytes)
 45.306249 seconds (7 allocations: 224 bytes)
 43.515232 seconds (1 allocation: 32 bytes)
 43.671169 seconds (1 allocation: 32 bytes)
 44.009128 seconds (1 allocation: 32 bytes)
 48.594333 seconds (1 allocation: 32 bytes)
 43.300428 seconds (1 allocation: 32 bytes)
 56.764446 seconds (1 allocation: 32 bytes)
 62.244895 seconds (6 allocations: 192 bytes)
 61.675671 seconds (1 allocation: 32 bytes)
 64.389957 seconds (1 allocation: 32 bytes)
 48.474474 seconds (1 allocation: 32 bytes)
 46.115080 seconds (1 allocation: 32 bytes)
 44.657924 seconds (1 allocation: 32 bytes)
 42.507955 seconds (1 allocation: 32 bytes)
 39.349055 seconds (1 allocation: 32 bytes)
 34.561435 seconds (1 allocation: 32 bytes)
 46.844521 seconds (7 allocations: 224 bytes)
 49.250706 seconds (1 allocation: 32 bytes)
 52.153714 seconds (1 allocation: 32 bytes)
 57.244972 seconds (11 allocations: 352 bytes)
 56.916853 seconds (1 allocation: 32 bytes)
 56.692375 seconds (1 allocation: 32 bytes)
 52.266410 seconds (7 allocations: 224 bytes)
 56.619728 seconds (1 allocation: 32 bytes)
 61.229695 seconds (13 allocations: 416 bytes)
 58.747010 seconds (1 allocation: 32 bytes)
 62.077138 seconds (1 allocation: 32 bytes)
 66.720661 seconds (7 allocations: 224 bytes)
 65.248195 seconds (13 allocations: 416 bytes)
 64.336672 seconds (1 allocation: 32 bytes)
 59.226661 seconds (6 allocations: 192 bytes)
 67.317606 seconds (3 allocations: 96 bytes)
 62.271180 seconds (1 allocation: 32 bytes)
 60.384166 seconds (1 allocation: 32 bytes)
 63.106672 seconds (6 allocations: 192 bytes)
 58.590255 seconds (1 allocation: 32 bytes)
 56.417520 seconds (1 allocation: 32 bytes)
 55.497394 seconds (1 allocation: 32 bytes)
 50.816743 seconds (1 allocation: 32 bytes)
 62.640058 seconds (5 allocations: 160 bytes)
 55.954489 seconds (1 allocation: 32 bytes)
 56.961604 seconds (1 allocation: 32 bytes)
 56.606731 seconds (1 allocation: 32 bytes)
 57.270336 seconds (1 allocation: 32 bytes)
 59.142577 seconds (1 allocation: 32 bytes)
 44.038014 seconds (1 allocation: 32 bytes)
 54.423705 seconds (1 allocation: 32 bytes)
 55.292227 seconds (1 allocation: 32 bytes)
 44.810305 seconds (1 allocation: 32 bytes)
 43.594378 seconds (1 allocation: 32 bytes)
 54.091360 seconds (25 allocations: 800 bytes)
 63.074829 seconds (1 allocation: 32 bytes)
 66.920852 seconds (1 allocation: 32 bytes)
 54.350085 seconds (1 allocation: 32 bytes)
 56.074989 seconds (6 allocations: 192 bytes)
 63.330342 seconds (1 allocation: 32 bytes)
 59.292000 seconds (1 allocation: 32 bytes)
 60.175573 seconds (1 allocation: 32 bytes)
 67.449075 seconds (1 allocation: 32 bytes)
 68.284038 seconds (16 allocations: 512 bytes)
 60.177709 seconds (13 allocations: 416 bytes)
 46.052842 seconds (1 allocation: 32 bytes)
 45.979172 seconds (1 allocation: 32 bytes)
 51.207142 seconds (1 allocation: 32 bytes)
 62.586155 seconds (7 allocations: 224 bytes)
 67.724610 seconds (12 allocations: 384 bytes)
 68.240634 seconds (1 allocation: 32 bytes)
 68.002936 seconds (1 allocation: 32 bytes)
 68.107807 seconds (1 allocation: 32 bytes)
 70.315583 seconds (7 allocations: 224 bytes)
 64.876109 seconds (1 allocation: 32 bytes)
 59.159867 seconds (1 allocation: 32 bytes)
 58.595284 seconds (1 allocation: 32 bytes)
 66.540983 seconds (7 allocations: 224 bytes)
 58.705485 seconds (1 allocation: 32 bytes)
 60.602107 seconds (7 allocations: 224 bytes)
 61.806522 seconds (5 allocations: 160 bytes)
 60.140942 seconds (1 allocation: 32 bytes)
 62.574894 seconds (7 allocations: 224 bytes)
 61.162965 seconds (7 allocations: 224 bytes)
 59.493568 seconds (1 allocation: 32 bytes)
 53.845596 seconds (1 allocation: 32 bytes)
 49.527191 seconds (1 allocation: 32 bytes)
 50.423806 seconds (1 allocation: 32 bytes)
 45.507344 seconds (7 allocations: 224 bytes)
 37.621371 seconds (1 allocation: 32 bytes)
 48.128037 seconds (1 allocation: 32 bytes)
 43.121178 seconds (1 allocation: 32 bytes)
 40.418642 seconds (1 allocation: 32 bytes)
 43.575146 seconds (7 allocations: 224 bytes)
 44.798881 seconds (1 allocation: 32 bytes)
 44.401793 seconds (1 allocation: 32 bytes)
 48.921447 seconds (26 allocations: 832 bytes)
 58.431162 seconds (7 allocations: 224 bytes)
 59.359619 seconds (1 allocation: 32 bytes)
 62.682086 seconds (1 allocation: 32 bytes)
 59.521173 seconds (1 allocation: 32 bytes)
 58.030966 seconds (1 allocation: 32 bytes)
 56.511479 seconds (1 allocation: 32 bytes)
 55.284589 seconds (1 allocation: 32 bytes)
 49.789549 seconds (1 allocation: 32 bytes)
 46.234897 seconds (1 allocation: 32 bytes)
 40.012150 seconds (1 allocation: 32 bytes)
 39.676590 seconds (1 allocation: 32 bytes)
 40.598883 seconds (1 allocation: 32 bytes)
 42.833708 seconds (1 allocation: 32 bytes)
 44.194726 seconds (1 allocation: 32 bytes)
 45.487006 seconds (1 allocation: 32 bytes)
 40.184284 seconds (1 allocation: 32 bytes)
 43.229512 seconds (1 allocation: 32 bytes)
 38.053152 seconds (1 allocation: 32 bytes)
 41.051128 seconds (1 allocation: 32 bytes)
 47.210921 seconds (1 allocation: 32 bytes)
 41.787862 seconds (1 allocation: 32 bytes)
 44.869202 seconds (1 allocation: 32 bytes)
 41.963993 seconds (1 allocation: 32 bytes)
 45.074468 seconds (1 allocation: 32 bytes)
 44.048733 seconds (1 allocation: 32 bytes)
 40.759252 seconds (1 allocation: 32 bytes)
 38.403516 seconds (1 allocation: 32 bytes)
 45.966589 seconds (1 allocation: 32 bytes)
 45.982342 seconds (1 allocation: 32 bytes)
 41.167392 seconds (1 allocation: 32 bytes)
 41.583156 seconds (1 allocation: 32 bytes)
 48.038189 seconds (1 allocation: 32 bytes)
 43.931357 seconds (1 allocation: 32 bytes)
 45.191613 seconds (1 allocation: 32 bytes)
 40.407843 seconds (1 allocation: 32 bytes)
 41.800359 seconds (1 allocation: 32 bytes)
 51.570694 seconds (1 allocation: 32 bytes)
 50.209062 seconds (1 allocation: 32 bytes)
 45.951345 seconds (1 allocation: 32 bytes)
 54.527831 seconds (1 allocation: 32 bytes)
 36.696778 seconds (1 allocation: 32 bytes)
 22.114824 seconds (1 allocation: 32 bytes)
 23.311927 seconds (1 allocation: 32 bytes)
 21.832944 seconds (1 allocation: 32 bytes)
 21.902420 seconds (1 allocation: 32 bytes)
 21.844774 seconds (1 allocation: 32 bytes)
 22.675187 seconds (1 allocation: 32 bytes)
 24.511981 seconds (1 allocation: 32 bytes)
 22.843769 seconds (1 allocation: 32 bytes)
 22.894831 seconds (1 allocation: 32 bytes)
 21.200142 seconds (1 allocation: 32 bytes)
 23.970356 seconds (1 allocation: 32 bytes)
 21.293818 seconds (1 allocation: 32 bytes)
 21.346807 seconds (1 allocation: 32 bytes)
 21.376217 seconds (1 allocation: 32 bytes)
 21.403316 seconds (1 allocation: 32 bytes)
 21.407052 seconds (1 allocation: 32 bytes)
 23.420460 seconds (1 allocation: 32 bytes)
 22.766969 seconds (1 allocation: 32 bytes)
 22.049620 seconds (1 allocation: 32 bytes)
 21.562754 seconds (1 allocation: 32 bytes)
 23.745109 seconds (1 allocation: 32 bytes)
 23.051711 seconds (1 allocation: 32 bytes)
 21.452247 seconds (1 allocation: 32 bytes)
 20.745925 seconds (1 allocation: 32 bytes)
 21.109745 seconds (1 allocation: 32 bytes)
 21.294122 seconds (1 allocation: 32 bytes)
 20.962469 seconds (1 allocation: 32 bytes)
 19.816049 seconds (1 allocation: 32 bytes)
 19.593100 seconds (1 allocation: 32 bytes)
 19.588297 seconds (1 allocation: 32 bytes)
 19.563031 seconds (1 allocation: 32 bytes)
 19.573422 seconds (1 allocation: 32 bytes)
 19.577170 seconds (1 allocation: 32 bytes)
 19.629276 seconds (1 allocation: 32 bytes)
 19.117702 seconds (1 allocation: 32 bytes)
 19.113596 seconds (1 allocation: 32 bytes)
 19.007577 seconds (1 allocation: 32 bytes)
 18.414424 seconds (1 allocation: 32 bytes)
 55.179132 seconds
 55.106485 seconds
 55.114447 seconds
 55.153492 seconds
 57.944197 seconds
 57.665108 seconds
 57.646279 seconds
 57.695350 seconds
 58.112376 seconds
 57.191122 seconds
 61.020819 seconds
 62.335629 seconds
 61.661669 seconds
 58.749678 seconds
 74.115259 seconds
 54.459747 seconds
 51.230966 seconds
 51.636498 seconds
 51.200473 seconds
 77.280341 seconds

------------------------------------------------------------
Sender: LSF System <lsfadmin@e4farm04.ge.infn.it>
Subject: Job 712999: </farmdisk1/mbonici/trained_hanyu_10000/job_loop_0_0.sh> in cluster <infnge> Done

Job </farmdisk1/mbonici/trained_hanyu_10000/job_loop_0_0.sh> was submitted from host <farmuisl7.ge.infn.it> by user <mbonici> in cluster <infnge>.
Job was executed on host(s) <8*e4farm04.ge.infn.it>, in queue <medium>, as user <mbonici> in cluster <infnge>.
</home/mbonici> was used as the home directory.
</home/mbonici/Effort_trainer> was used as the working directory.
Started at Sun Mar 10 05:39:30 2024
Results reported on Sun Mar 10 08:26:00 2024

Your job looked like:

------------------------------------------------------------
# LSBATCH: User input
/farmdisk1/mbonici/trained_hanyu_10000/job_loop_0_0.sh
------------------------------------------------------------

Successfully completed.

Resource usage summary:

    CPU time :                                   75622.22 sec.
    Max Memory :                                 953 MB
    Average Memory :                             888.11 MB
    Total Requested Memory :                     4096.00 MB
    Delta Memory :                               3143.00 MB
    Max Processes :                              4
    Max Threads :                                60

The output (if any) is above this job summary.



PS:

Read file </farmdisk1/mbonici/trained_hanyu_10000/job_loop_0_0.err> for stderr output of this job.

