 53.129960 seconds (13.63 M allocations: 840.744 MiB, 0.43% gc time, 13.52% compilation time)
 40.281962 seconds (1 allocation: 32 bytes)
 42.135136 seconds (1 allocation: 32 bytes)
 42.974788 seconds (1 allocation: 32 bytes)
 42.413093 seconds (1 allocation: 32 bytes)
 38.673300 seconds (1 allocation: 32 bytes)
 45.180763 seconds (1 allocation: 32 bytes)
 44.953488 seconds (1 allocation: 32 bytes)
 42.292130 seconds (1 allocation: 32 bytes)
 45.404066 seconds (13 allocations: 416 bytes)
 43.031970 seconds (1 allocation: 32 bytes)
 41.583269 seconds (1 allocation: 32 bytes)
 40.106957 seconds (1 allocation: 32 bytes)
 39.133258 seconds (7 allocations: 224 bytes)
 39.969579 seconds (1 allocation: 32 bytes)
 38.251276 seconds (1 allocation: 32 bytes)
 37.428529 seconds (1 allocation: 32 bytes)
 39.650072 seconds (1 allocation: 32 bytes)
 41.485526 seconds (12 allocations: 384 bytes)
 40.818003 seconds (1 allocation: 32 bytes)
 41.098077 seconds (1 allocation: 32 bytes)
 42.833297 seconds (7 allocations: 224 bytes)
 44.772429 seconds (1 allocation: 32 bytes)
 44.319058 seconds (4 allocations: 128 bytes)
 39.453849 seconds (10 allocations: 320 bytes)
 40.351545 seconds (1 allocation: 32 bytes)
 32.515291 seconds (7 allocations: 224 bytes)
 30.442281 seconds (1 allocation: 32 bytes)
 32.683166 seconds (1 allocation: 32 bytes)
 31.194656 seconds (1 allocation: 32 bytes)
 29.854547 seconds (1 allocation: 32 bytes)
 29.085090 seconds (1 allocation: 32 bytes)
 28.117446 seconds (1 allocation: 32 bytes)
 29.112728 seconds (1 allocation: 32 bytes)
 38.024924 seconds (7 allocations: 224 bytes)
 42.003883 seconds (1 allocation: 32 bytes)
 40.518258 seconds (1 allocation: 32 bytes)
 39.659219 seconds (1 allocation: 32 bytes)
 38.163697 seconds (1 allocation: 32 bytes)
 40.978195 seconds (1 allocation: 32 bytes)
 38.743255 seconds (1 allocation: 32 bytes)
 40.805286 seconds (1 allocation: 32 bytes)
 44.784337 seconds (20 allocations: 640 bytes)
 42.177098 seconds (7 allocations: 224 bytes)
 37.315301 seconds (1 allocation: 32 bytes)
 39.063239 seconds (1 allocation: 32 bytes)
 47.147613 seconds (1 allocation: 32 bytes)
 45.468801 seconds (1 allocation: 32 bytes)
 45.469761 seconds (1 allocation: 32 bytes)
 46.835202 seconds (11 allocations: 352 bytes)
 35.785864 seconds (1 allocation: 32 bytes)
 39.537308 seconds (1 allocation: 32 bytes)
 36.145183 seconds (1 allocation: 32 bytes)
 36.310800 seconds (1 allocation: 32 bytes)
 33.162907 seconds (1 allocation: 32 bytes)
 27.900210 seconds (1 allocation: 32 bytes)
 39.270511 seconds (1 allocation: 32 bytes)
 37.476859 seconds (7 allocations: 224 bytes)
 38.969514 seconds (1 allocation: 32 bytes)
 36.242132 seconds (1 allocation: 32 bytes)
 35.767945 seconds (1 allocation: 32 bytes)
 41.110747 seconds (1 allocation: 32 bytes)
 38.750629 seconds (7 allocations: 224 bytes)
 39.541007 seconds (1 allocation: 32 bytes)
 38.528295 seconds (1 allocation: 32 bytes)
 36.575046 seconds (13 allocations: 416 bytes)
 40.110775 seconds (6 allocations: 192 bytes)
 40.524239 seconds (1 allocation: 32 bytes)
 36.885284 seconds (1 allocation: 32 bytes)
 36.452958 seconds (1 allocation: 32 bytes)
 37.864728 seconds (1 allocation: 32 bytes)
 43.950496 seconds (1 allocation: 32 bytes)
 38.536961 seconds (1 allocation: 32 bytes)
 42.816455 seconds (11 allocations: 352 bytes)
 34.538636 seconds (1 allocation: 32 bytes)
 32.349363 seconds (1 allocation: 32 bytes)
 31.414887 seconds (1 allocation: 32 bytes)
 36.385446 seconds (1 allocation: 32 bytes)
 35.949534 seconds (1 allocation: 32 bytes)
 35.035608 seconds (1 allocation: 32 bytes)
 34.776816 seconds (3 allocations: 96 bytes)
 34.721915 seconds (1 allocation: 32 bytes)
 36.648095 seconds (1 allocation: 32 bytes)
 39.430785 seconds (1 allocation: 32 bytes)
 42.774982 seconds (1 allocation: 32 bytes)
 38.812175 seconds (1 allocation: 32 bytes)
 41.541647 seconds (1 allocation: 32 bytes)
 45.663906 seconds (1 allocation: 32 bytes)
 41.496742 seconds (1 allocation: 32 bytes)
 40.161596 seconds (1 allocation: 32 bytes)
 40.069649 seconds (1 allocation: 32 bytes)
 46.703725 seconds (6 allocations: 192 bytes)
 42.251525 seconds (1 allocation: 32 bytes)
 39.938752 seconds (1 allocation: 32 bytes)
 39.587313 seconds (1 allocation: 32 bytes)
 44.572137 seconds (7 allocations: 224 bytes)
 43.593146 seconds (6 allocations: 192 bytes)
 41.124441 seconds (1 allocation: 32 bytes)
 40.206953 seconds (1 allocation: 32 bytes)
 39.477395 seconds (1 allocation: 32 bytes)
 37.794764 seconds (1 allocation: 32 bytes)
 37.415746 seconds (1 allocation: 32 bytes)
 38.568458 seconds (1 allocation: 32 bytes)
 42.816804 seconds (1 allocation: 32 bytes)
 40.209357 seconds (1 allocation: 32 bytes)
 41.101708 seconds (1 allocation: 32 bytes)
 43.004891 seconds (1 allocation: 32 bytes)
 47.028116 seconds (1 allocation: 32 bytes)
 46.171226 seconds (7 allocations: 224 bytes)
 51.006503 seconds (1 allocation: 32 bytes)
 49.823849 seconds (1 allocation: 32 bytes)
 44.153647 seconds (1 allocation: 32 bytes)
 43.297573 seconds (1 allocation: 32 bytes)
 39.967695 seconds (1 allocation: 32 bytes)
 40.834795 seconds (1 allocation: 32 bytes)
 40.684466 seconds (1 allocation: 32 bytes)
 39.200466 seconds (1 allocation: 32 bytes)
 38.677072 seconds (1 allocation: 32 bytes)
 37.273211 seconds (7 allocations: 224 bytes)
 38.329890 seconds (1 allocation: 32 bytes)
 38.062141 seconds (1 allocation: 32 bytes)
 37.991343 seconds (1 allocation: 32 bytes)
 39.496238 seconds (1 allocation: 32 bytes)
 42.206421 seconds (1 allocation: 32 bytes)
 41.469912 seconds (7 allocations: 224 bytes)
 43.252002 seconds (1 allocation: 32 bytes)
 39.854651 seconds (1 allocation: 32 bytes)
 35.783543 seconds (1 allocation: 32 bytes)
 33.462097 seconds (1 allocation: 32 bytes)
 35.379892 seconds (1 allocation: 32 bytes)
 34.739750 seconds (1 allocation: 32 bytes)
 34.005600 seconds (1 allocation: 32 bytes)
 33.338524 seconds (5 allocations: 160 bytes)
 30.487137 seconds (7 allocations: 224 bytes)
 30.483428 seconds (1 allocation: 32 bytes)
 32.717994 seconds (1 allocation: 32 bytes)
 35.860518 seconds (1 allocation: 32 bytes)
 34.685493 seconds (7 allocations: 224 bytes)
 36.269046 seconds (1 allocation: 32 bytes)
 35.210666 seconds (1 allocation: 32 bytes)
 35.132916 seconds (7 allocations: 224 bytes)
 34.109146 seconds (1 allocation: 32 bytes)
 33.530784 seconds (25 allocations: 800 bytes)
 40.445828 seconds (1 allocation: 32 bytes)
 36.584100 seconds (1 allocation: 32 bytes)
 36.026144 seconds (1 allocation: 32 bytes)
 39.703281 seconds (7 allocations: 224 bytes)
 43.777300 seconds (1 allocation: 32 bytes)
 40.404637 seconds (5 allocations: 160 bytes)
 36.762958 seconds (4 allocations: 128 bytes)
 41.644558 seconds (13 allocations: 416 bytes)
 38.694180 seconds (1 allocation: 32 bytes)
 43.811944 seconds (1 allocation: 32 bytes)
 34.438984 seconds (1 allocation: 32 bytes)
 33.375551 seconds (1 allocation: 32 bytes)
 30.124287 seconds (1 allocation: 32 bytes)
 27.391221 seconds (1 allocation: 32 bytes)
 26.655461 seconds (1 allocation: 32 bytes)
 33.462253 seconds (1 allocation: 32 bytes)
 33.774374 seconds (1 allocation: 32 bytes)
 31.099951 seconds (1 allocation: 32 bytes)
 27.167478 seconds (1 allocation: 32 bytes)
 25.621247 seconds (1 allocation: 32 bytes)
 26.470878 seconds (1 allocation: 32 bytes)
 26.740424 seconds (1 allocation: 32 bytes)
 26.493089 seconds (1 allocation: 32 bytes)
 27.438615 seconds (1 allocation: 32 bytes)
 27.773131 seconds (1 allocation: 32 bytes)
 26.455716 seconds (1 allocation: 32 bytes)
 27.270207 seconds (1 allocation: 32 bytes)
 27.503656 seconds (1 allocation: 32 bytes)
 27.297009 seconds (1 allocation: 32 bytes)
 28.447237 seconds (1 allocation: 32 bytes)
 30.724029 seconds (1 allocation: 32 bytes)
 31.696669 seconds (1 allocation: 32 bytes)
 33.377826 seconds (1 allocation: 32 bytes)
 27.960669 seconds (1 allocation: 32 bytes)
 26.584647 seconds (1 allocation: 32 bytes)
 27.318031 seconds (1 allocation: 32 bytes)
 23.703191 seconds (1 allocation: 32 bytes)
 96.618066 seconds
 91.554080 seconds
 88.098833 seconds
 83.495020 seconds
 93.159060 seconds
 90.806435 seconds
 88.420007 seconds
 83.694043 seconds
 49.355077 seconds
 42.484181 seconds
 42.318401 seconds
 52.491515 seconds
 46.083795 seconds
 42.089346 seconds
 40.365995 seconds
 40.433947 seconds
 46.691019 seconds
 64.144351 seconds
 64.936726 seconds
 64.877769 seconds

------------------------------------------------------------
Sender: LSF System <lsfadmin@e4farm04.ge.infn.it>
Subject: Job 713006: </farmdisk1/mbonici/trained_hanyu_10000/job_ct_0_3.sh> in cluster <infnge> Done

Job </farmdisk1/mbonici/trained_hanyu_10000/job_ct_0_3.sh> was submitted from host <farmuisl7.ge.infn.it> by user <mbonici> in cluster <infnge>.
Job was executed on host(s) <8*e4farm04.ge.infn.it>, in queue <medium>, as user <mbonici> in cluster <infnge>.
</home/mbonici> was used as the home directory.
</home/mbonici/Effort_trainer> was used as the working directory.
Started at Sun Mar 10 05:39:32 2024
Results reported on Sun Mar 10 08:02:43 2024

Your job looked like:

------------------------------------------------------------
# LSBATCH: User input
/farmdisk1/mbonici/trained_hanyu_10000/job_ct_0_3.sh
------------------------------------------------------------

Successfully completed.

Resource usage summary:

    CPU time :                                   64482.21 sec.
    Max Memory :                                 757 MB
    Average Memory :                             718.90 MB
    Total Requested Memory :                     4096.00 MB
    Delta Memory :                               3339.00 MB
    Max Processes :                              4
    Max Threads :                                60

The output (if any) is above this job summary.



PS:

Read file </farmdisk1/mbonici/trained_hanyu_10000/job_ct_0_3.err> for stderr output of this job.

