 46.328646 seconds (13.63 M allocations: 840.768 MiB, 0.54% gc time, 15.77% compilation time)
 42.182755 seconds (1 allocation: 32 bytes)
 43.995301 seconds (1 allocation: 32 bytes)
 41.658188 seconds (7 allocations: 224 bytes)
 50.351939 seconds (1 allocation: 32 bytes)
 47.216351 seconds (1 allocation: 32 bytes)
 45.461764 seconds (1 allocation: 32 bytes)
 44.403722 seconds (1 allocation: 32 bytes)
 38.592434 seconds (1 allocation: 32 bytes)
 40.242115 seconds (1 allocation: 32 bytes)
 40.225888 seconds (1 allocation: 32 bytes)
 44.289921 seconds (6 allocations: 192 bytes)
 46.390724 seconds (1 allocation: 32 bytes)
 42.342271 seconds (1 allocation: 32 bytes)
 42.908399 seconds (1 allocation: 32 bytes)
 42.010713 seconds (1 allocation: 32 bytes)
 41.642830 seconds (1 allocation: 32 bytes)
 39.457358 seconds (17 allocations: 544 bytes)
 41.357319 seconds (7 allocations: 224 bytes)
 45.751279 seconds (5 allocations: 160 bytes)
 42.330009 seconds (1 allocation: 32 bytes)
 42.163550 seconds (1 allocation: 32 bytes)
 37.204545 seconds (1 allocation: 32 bytes)
 33.790698 seconds (1 allocation: 32 bytes)
 26.585264 seconds (4 allocations: 128 bytes)
 21.606712 seconds (1 allocation: 32 bytes)
 24.569299 seconds (1 allocation: 32 bytes)
 37.876612 seconds (1 allocation: 32 bytes)
 40.804660 seconds (1 allocation: 32 bytes)
 46.916821 seconds (1 allocation: 32 bytes)
 46.133586 seconds (1 allocation: 32 bytes)
 40.276542 seconds (1 allocation: 32 bytes)
 42.185356 seconds (1 allocation: 32 bytes)
 38.740413 seconds (7 allocations: 224 bytes)
 38.421244 seconds (1 allocation: 32 bytes)
 42.975878 seconds (7 allocations: 224 bytes)
 40.784350 seconds (1 allocation: 32 bytes)
 33.133287 seconds (7 allocations: 224 bytes)
 40.829729 seconds (1 allocation: 32 bytes)
 41.243592 seconds (1 allocation: 32 bytes)
 44.507256 seconds (1 allocation: 32 bytes)
 42.600839 seconds (7 allocations: 224 bytes)
 40.275970 seconds (1 allocation: 32 bytes)
 39.911359 seconds (1 allocation: 32 bytes)
 40.649840 seconds (1 allocation: 32 bytes)
 41.831092 seconds (1 allocation: 32 bytes)
 41.773586 seconds (1 allocation: 32 bytes)
 44.789739 seconds (1 allocation: 32 bytes)
 45.873121 seconds (9 allocations: 288 bytes)
 47.007997 seconds (1 allocation: 32 bytes)
 39.423766 seconds (1 allocation: 32 bytes)
 35.739130 seconds (1 allocation: 32 bytes)
 36.403893 seconds (1 allocation: 32 bytes)
 37.911997 seconds (1 allocation: 32 bytes)
 35.473271 seconds (1 allocation: 32 bytes)
 42.168489 seconds (16 allocations: 512 bytes)
 43.967078 seconds (7 allocations: 224 bytes)
 43.947710 seconds (1 allocation: 32 bytes)
 41.330347 seconds (1 allocation: 32 bytes)
 45.312123 seconds (1 allocation: 32 bytes)
 41.359166 seconds (1 allocation: 32 bytes)
 37.126152 seconds (1 allocation: 32 bytes)
 37.754199 seconds (1 allocation: 32 bytes)
 38.235818 seconds (1 allocation: 32 bytes)
 38.614647 seconds (1 allocation: 32 bytes)
 37.819908 seconds (1 allocation: 32 bytes)
 36.231412 seconds (1 allocation: 32 bytes)
 35.879858 seconds (1 allocation: 32 bytes)
 36.980365 seconds (1 allocation: 32 bytes)
 35.959358 seconds (1 allocation: 32 bytes)
 34.576166 seconds (1 allocation: 32 bytes)
 34.199480 seconds (1 allocation: 32 bytes)
 29.638960 seconds (1 allocation: 32 bytes)
 28.290495 seconds (1 allocation: 32 bytes)
 26.351909 seconds (1 allocation: 32 bytes)
 26.011834 seconds (1 allocation: 32 bytes)
 28.049520 seconds (1 allocation: 32 bytes)
 27.145763 seconds (1 allocation: 32 bytes)
 25.162001 seconds (1 allocation: 32 bytes)
 25.767295 seconds (7 allocations: 224 bytes)
 34.024268 seconds (1 allocation: 32 bytes)
 31.801548 seconds (14 allocations: 448 bytes)
 33.136056 seconds (1 allocation: 32 bytes)
 35.355003 seconds (1 allocation: 32 bytes)
 32.881782 seconds (1 allocation: 32 bytes)
 32.967999 seconds (6 allocations: 192 bytes)
 32.509250 seconds (1 allocation: 32 bytes)
 30.833399 seconds (1 allocation: 32 bytes)
 30.893513 seconds (1 allocation: 32 bytes)
 29.771959 seconds (1 allocation: 32 bytes)
 23.895498 seconds (1 allocation: 32 bytes)
 23.760344 seconds (1 allocation: 32 bytes)
 23.267840 seconds (1 allocation: 32 bytes)
 24.878418 seconds (1 allocation: 32 bytes)
 24.782331 seconds (1 allocation: 32 bytes)
 24.308252 seconds (1 allocation: 32 bytes)
 23.529252 seconds (1 allocation: 32 bytes)
 25.442814 seconds (1 allocation: 32 bytes)
 26.486026 seconds (1 allocation: 32 bytes)
 32.572808 seconds (1 allocation: 32 bytes)
 34.285675 seconds (1 allocation: 32 bytes)
 33.833697 seconds (7 allocations: 224 bytes)
 51.103595 seconds (13 allocations: 416 bytes)
 39.342925 seconds (1 allocation: 32 bytes)
 38.577089 seconds (1 allocation: 32 bytes)
 35.089347 seconds (1 allocation: 32 bytes)
 31.442248 seconds (1 allocation: 32 bytes)
 31.112487 seconds (1 allocation: 32 bytes)
 31.307178 seconds (1 allocation: 32 bytes)
 36.188186 seconds (13 allocations: 416 bytes)
 41.374925 seconds (12 allocations: 384 bytes)
 35.681986 seconds (1 allocation: 32 bytes)
 36.356375 seconds (1 allocation: 32 bytes)
 40.098128 seconds (1 allocation: 32 bytes)
 42.860327 seconds (1 allocation: 32 bytes)
 50.404667 seconds (1 allocation: 32 bytes)
 42.338941 seconds (1 allocation: 32 bytes)
 39.884140 seconds (1 allocation: 32 bytes)
 37.055405 seconds (9 allocations: 288 bytes)
 34.719415 seconds (1 allocation: 32 bytes)
 37.417071 seconds (1 allocation: 32 bytes)
 31.339567 seconds (7 allocations: 224 bytes)
 34.735755 seconds (1 allocation: 32 bytes)
 38.634547 seconds (7 allocations: 224 bytes)
 35.682137 seconds (1 allocation: 32 bytes)
 32.352099 seconds (27 allocations: 864 bytes)
 40.024109 seconds (7 allocations: 224 bytes)
 40.809818 seconds (1 allocation: 32 bytes)
 36.956010 seconds (1 allocation: 32 bytes)
 40.308443 seconds (1 allocation: 32 bytes)
 41.597370 seconds (1 allocation: 32 bytes)
 37.231709 seconds (7 allocations: 224 bytes)
 42.104095 seconds (16 allocations: 512 bytes)
 40.564452 seconds (25 allocations: 800 bytes)
 42.269653 seconds (1 allocation: 32 bytes)
 30.158686 seconds (1 allocation: 32 bytes)
 29.011186 seconds (1 allocation: 32 bytes)
 30.585222 seconds (1 allocation: 32 bytes)
 27.326434 seconds (1 allocation: 32 bytes)
 27.212393 seconds (1 allocation: 32 bytes)
 27.118967 seconds (1 allocation: 32 bytes)
 26.889432 seconds (1 allocation: 32 bytes)
 27.277529 seconds (1 allocation: 32 bytes)
 34.087669 seconds (5 allocations: 160 bytes)
 39.258695 seconds (3 allocations: 96 bytes)
 36.232899 seconds (1 allocation: 32 bytes)
 35.842012 seconds (1 allocation: 32 bytes)
 35.306833 seconds (1 allocation: 32 bytes)
 34.230142 seconds (1 allocation: 32 bytes)
 32.137636 seconds (1 allocation: 32 bytes)
 33.198388 seconds (10 allocations: 320 bytes)
 33.749051 seconds (1 allocation: 32 bytes)
 42.477947 seconds (4 allocations: 128 bytes)
 38.803684 seconds (1 allocation: 32 bytes)
 29.742962 seconds (1 allocation: 32 bytes)
 28.840633 seconds (7 allocations: 224 bytes)
 32.653258 seconds (1 allocation: 32 bytes)
 33.791149 seconds (6 allocations: 192 bytes)
 37.455066 seconds (1 allocation: 32 bytes)
 38.045740 seconds (1 allocation: 32 bytes)
 39.604501 seconds (1 allocation: 32 bytes)
 41.514523 seconds (1 allocation: 32 bytes)
 40.694541 seconds (1 allocation: 32 bytes)
 44.761170 seconds (1 allocation: 32 bytes)
 43.862206 seconds (1 allocation: 32 bytes)
 43.191097 seconds (1 allocation: 32 bytes)
 36.617126 seconds (1 allocation: 32 bytes)
 33.129930 seconds (1 allocation: 32 bytes)
 33.191026 seconds (1 allocation: 32 bytes)
 31.902292 seconds (1 allocation: 32 bytes)
 33.308063 seconds (1 allocation: 32 bytes)
 29.045091 seconds (1 allocation: 32 bytes)
 29.191331 seconds (1 allocation: 32 bytes)
 26.772264 seconds (1 allocation: 32 bytes)
 26.617727 seconds (1 allocation: 32 bytes)
 31.399249 seconds (1 allocation: 32 bytes)
 27.760448 seconds (1 allocation: 32 bytes)
 26.140564 seconds (1 allocation: 32 bytes)
 28.202763 seconds (1 allocation: 32 bytes)
 28.411107 seconds (1 allocation: 32 bytes)
 85.790918 seconds
 86.250025 seconds
 83.347545 seconds
 94.539676 seconds
 89.840970 seconds
 87.690055 seconds
 93.652127 seconds
 90.139471 seconds
 92.006635 seconds
 96.133593 seconds
 73.542125 seconds
 52.033713 seconds
 44.647601 seconds
 46.983537 seconds
 45.408242 seconds
 39.226718 seconds
 41.928882 seconds
 39.325690 seconds
 39.298036 seconds
 43.949506 seconds

------------------------------------------------------------
Sender: LSF System <lsfadmin@e4farm04.ge.infn.it>
Subject: Job 713003: </farmdisk1/mbonici/trained_hanyu_10000/job_ct_0_0.sh> in cluster <infnge> Done

Job </farmdisk1/mbonici/trained_hanyu_10000/job_ct_0_0.sh> was submitted from host <farmuisl7.ge.infn.it> by user <mbonici> in cluster <infnge>.
Job was executed on host(s) <8*e4farm04.ge.infn.it>, in queue <medium>, as user <mbonici> in cluster <infnge>.
</home/mbonici> was used as the home directory.
</home/mbonici/Effort_trainer> was used as the working directory.
Started at Sun Mar 10 05:39:31 2024
Results reported on Sun Mar 10 07:59:36 2024

Your job looked like:

------------------------------------------------------------
# LSBATCH: User input
/farmdisk1/mbonici/trained_hanyu_10000/job_ct_0_0.sh
------------------------------------------------------------

Successfully completed.

Resource usage summary:

    CPU time :                                   62971.18 sec.
    Max Memory :                                 814 MB
    Average Memory :                             770.49 MB
    Total Requested Memory :                     4096.00 MB
    Delta Memory :                               3282.00 MB
    Max Processes :                              4
    Max Threads :                                60

The output (if any) is above this job summary.



PS:

Read file </farmdisk1/mbonici/trained_hanyu_10000/job_ct_0_0.err> for stderr output of this job.

