 69.431838 seconds (13.63 M allocations: 841.032 MiB, 0.30% gc time, 10.28% compilation time)
 60.051736 seconds (1 allocation: 32 bytes)
 62.468922 seconds (15 allocations: 480 bytes)
 65.830415 seconds (1 allocation: 32 bytes)
 65.530983 seconds (1 allocation: 32 bytes)
 62.589039 seconds (1 allocation: 32 bytes)
 61.137084 seconds (1 allocation: 32 bytes)
 62.177139 seconds (13 allocations: 416 bytes)
 60.409749 seconds (1 allocation: 32 bytes)
 61.999309 seconds (1 allocation: 32 bytes)
 63.482685 seconds (1 allocation: 32 bytes)
 64.809624 seconds (1 allocation: 32 bytes)
 69.517140 seconds (1 allocation: 32 bytes)
 72.776900 seconds (1 allocation: 32 bytes)
 65.432576 seconds (7 allocations: 224 bytes)
 55.832957 seconds (1 allocation: 32 bytes)
 52.158543 seconds (1 allocation: 32 bytes)
 58.549836 seconds (6 allocations: 192 bytes)
 58.606091 seconds (1 allocation: 32 bytes)
 56.604765 seconds (1 allocation: 32 bytes)
 54.317729 seconds (7 allocations: 224 bytes)
 56.708626 seconds (22 allocations: 704 bytes)
 65.418249 seconds (28 allocations: 896 bytes)
 62.685593 seconds (2 allocations: 64 bytes)
 61.552106 seconds (1 allocation: 32 bytes)
 60.090970 seconds (1 allocation: 32 bytes)
 56.390934 seconds (1 allocation: 32 bytes)
 57.839163 seconds (5 allocations: 160 bytes)
 55.116758 seconds (1 allocation: 32 bytes)
 58.002575 seconds (1 allocation: 32 bytes)
 54.405360 seconds (1 allocation: 32 bytes)
 57.041700 seconds (1 allocation: 32 bytes)
 52.764549 seconds (1 allocation: 32 bytes)
 54.933952 seconds (1 allocation: 32 bytes)
 42.777150 seconds (1 allocation: 32 bytes)
 36.847957 seconds (1 allocation: 32 bytes)
 38.071166 seconds (1 allocation: 32 bytes)
 39.006800 seconds (7 allocations: 224 bytes)
 39.395953 seconds (1 allocation: 32 bytes)
 43.668564 seconds (7 allocations: 224 bytes)
 65.387933 seconds (7 allocations: 224 bytes)
 67.303720 seconds (1 allocation: 32 bytes)
 60.743298 seconds (1 allocation: 32 bytes)
 63.851387 seconds (37 allocations: 1.156 KiB)
 65.947678 seconds (12 allocations: 384 bytes)
 64.500571 seconds (1 allocation: 32 bytes)
 67.547405 seconds (1 allocation: 32 bytes)
 66.768267 seconds (3 allocations: 96 bytes)
 64.759101 seconds (6 allocations: 192 bytes)
 63.855451 seconds (1 allocation: 32 bytes)
 63.101184 seconds (1 allocation: 32 bytes)
 62.990309 seconds (7 allocations: 224 bytes)
 61.997959 seconds (1 allocation: 32 bytes)
 56.292571 seconds (7 allocations: 224 bytes)
 62.041082 seconds (7 allocations: 224 bytes)
 63.546464 seconds (1 allocation: 32 bytes)
 65.409041 seconds (1 allocation: 32 bytes)
 65.508671 seconds (1 allocation: 32 bytes)
 64.790919 seconds (17 allocations: 544 bytes)
 59.773043 seconds (1 allocation: 32 bytes)
 46.015729 seconds (1 allocation: 32 bytes)
 44.491157 seconds (1 allocation: 32 bytes)
 45.661613 seconds (1 allocation: 32 bytes)
 45.482955 seconds (7 allocations: 224 bytes)
 50.436488 seconds (1 allocation: 32 bytes)
 46.888596 seconds (7 allocations: 224 bytes)
 49.003879 seconds (1 allocation: 32 bytes)
 46.510181 seconds (1 allocation: 32 bytes)
 42.787465 seconds (1 allocation: 32 bytes)
 37.564640 seconds (1 allocation: 32 bytes)
 39.919685 seconds (1 allocation: 32 bytes)
 38.684489 seconds (7 allocations: 224 bytes)
 38.642342 seconds (1 allocation: 32 bytes)
 37.377537 seconds (1 allocation: 32 bytes)
 36.535992 seconds (1 allocation: 32 bytes)
 34.248853 seconds (1 allocation: 32 bytes)
 35.293548 seconds (1 allocation: 32 bytes)
 37.175448 seconds (1 allocation: 32 bytes)
 40.448649 seconds (1 allocation: 32 bytes)
 42.087188 seconds (1 allocation: 32 bytes)
 43.114999 seconds (1 allocation: 32 bytes)
 40.609395 seconds (1 allocation: 32 bytes)
 44.577056 seconds (1 allocation: 32 bytes)
 47.835103 seconds (1 allocation: 32 bytes)
 48.409108 seconds (1 allocation: 32 bytes)
 45.353318 seconds (34 allocations: 1.062 KiB)
 48.060789 seconds (1 allocation: 32 bytes)
 54.276268 seconds (7 allocations: 224 bytes)
 57.246168 seconds (1 allocation: 32 bytes)
 49.876549 seconds (1 allocation: 32 bytes)
 48.049605 seconds (1 allocation: 32 bytes)
 47.262750 seconds (1 allocation: 32 bytes)
 56.976452 seconds (7 allocations: 224 bytes)
 38.799135 seconds (1 allocation: 32 bytes)
 38.936244 seconds (7 allocations: 224 bytes)
 39.035665 seconds (1 allocation: 32 bytes)
 38.701663 seconds (1 allocation: 32 bytes)
 38.676291 seconds (14 allocations: 448 bytes)
 40.007280 seconds (19 allocations: 608 bytes)
 48.789532 seconds (7 allocations: 224 bytes)
 48.344510 seconds (1 allocation: 32 bytes)
 48.112982 seconds (1 allocation: 32 bytes)
 47.174246 seconds (1 allocation: 32 bytes)
 49.022910 seconds (8 allocations: 256 bytes)
 52.625200 seconds (11 allocations: 352 bytes)
 59.107484 seconds (6 allocations: 192 bytes)
 56.816808 seconds (1 allocation: 32 bytes)
 58.910916 seconds (7 allocations: 224 bytes)
 59.634366 seconds (1 allocation: 32 bytes)
 55.104893 seconds (17 allocations: 544 bytes)
 45.976701 seconds (8 allocations: 256 bytes)
 42.501126 seconds (1 allocation: 32 bytes)
 38.403883 seconds (7 allocations: 224 bytes)
 42.261846 seconds (1 allocation: 32 bytes)
 38.997938 seconds (1 allocation: 32 bytes)
 37.006378 seconds (1 allocation: 32 bytes)
 37.940146 seconds (1 allocation: 32 bytes)
 41.961298 seconds (1 allocation: 32 bytes)
 41.392427 seconds (1 allocation: 32 bytes)
 48.798928 seconds (1 allocation: 32 bytes)
 44.000953 seconds (1 allocation: 32 bytes)
 37.294411 seconds (1 allocation: 32 bytes)
 35.842677 seconds (1 allocation: 32 bytes)
 47.945888 seconds (1 allocation: 32 bytes)
 44.136932 seconds (1 allocation: 32 bytes)
 38.176552 seconds (1 allocation: 32 bytes)
 37.925537 seconds (1 allocation: 32 bytes)
 37.157377 seconds (1 allocation: 32 bytes)
 37.706688 seconds (1 allocation: 32 bytes)
 39.710973 seconds (1 allocation: 32 bytes)
 41.803353 seconds (1 allocation: 32 bytes)
 40.087813 seconds (1 allocation: 32 bytes)
 41.134722 seconds (1 allocation: 32 bytes)
 43.306392 seconds (1 allocation: 32 bytes)
 48.958168 seconds (1 allocation: 32 bytes)
 51.525654 seconds (1 allocation: 32 bytes)
 48.609759 seconds (1 allocation: 32 bytes)
 45.156704 seconds (1 allocation: 32 bytes)
 38.126838 seconds (1 allocation: 32 bytes)
 42.677759 seconds (1 allocation: 32 bytes)
 40.003137 seconds (1 allocation: 32 bytes)
 38.055178 seconds (1 allocation: 32 bytes)
 38.259649 seconds (1 allocation: 32 bytes)
 40.962983 seconds (1 allocation: 32 bytes)
 40.147371 seconds (1 allocation: 32 bytes)
 41.615121 seconds (1 allocation: 32 bytes)
 39.166523 seconds (1 allocation: 32 bytes)
 46.776343 seconds (1 allocation: 32 bytes)
 36.510521 seconds (1 allocation: 32 bytes)
 23.315886 seconds (1 allocation: 32 bytes)
 22.127012 seconds (1 allocation: 32 bytes)
 21.758724 seconds (1 allocation: 32 bytes)
 21.210939 seconds (1 allocation: 32 bytes)
 21.122109 seconds (1 allocation: 32 bytes)
 21.063984 seconds (1 allocation: 32 bytes)
 23.283046 seconds (1 allocation: 32 bytes)
 23.869069 seconds (1 allocation: 32 bytes)
 23.485286 seconds (1 allocation: 32 bytes)
 23.398348 seconds (1 allocation: 32 bytes)
 22.614497 seconds (1 allocation: 32 bytes)
 22.509301 seconds (1 allocation: 32 bytes)
 21.683988 seconds (1 allocation: 32 bytes)
 21.749431 seconds (1 allocation: 32 bytes)
 21.743264 seconds (1 allocation: 32 bytes)
 21.792396 seconds (1 allocation: 32 bytes)
 21.760607 seconds (1 allocation: 32 bytes)
 23.217939 seconds (1 allocation: 32 bytes)
 23.917813 seconds (1 allocation: 32 bytes)
 22.854978 seconds (1 allocation: 32 bytes)
 25.754535 seconds (1 allocation: 32 bytes)
 21.905456 seconds (1 allocation: 32 bytes)
 21.945676 seconds (1 allocation: 32 bytes)
 22.627807 seconds (1 allocation: 32 bytes)
 22.234475 seconds (1 allocation: 32 bytes)
 22.220192 seconds (1 allocation: 32 bytes)
 27.217289 seconds (1 allocation: 32 bytes)
 21.557391 seconds (1 allocation: 32 bytes)
 18.607331 seconds (1 allocation: 32 bytes)
 18.624565 seconds (1 allocation: 32 bytes)
 18.626970 seconds (1 allocation: 32 bytes)
 56.303223 seconds
 59.795728 seconds
 58.263688 seconds
 58.232843 seconds
 58.230588 seconds
 58.246569 seconds
 57.787479 seconds
 60.876669 seconds
 61.015415 seconds
 61.013853 seconds
 68.112647 seconds
 57.605987 seconds
 59.108057 seconds
 59.388709 seconds
 62.967095 seconds
 89.564880 seconds
 79.710148 seconds
 55.896389 seconds
 54.982848 seconds
 54.751451 seconds

------------------------------------------------------------
Sender: LSF System <lsfadmin@e4farm04.ge.infn.it>
Subject: Job 713001: </farmdisk1/mbonici/trained_hanyu_10000/job_loop_0_2.sh> in cluster <infnge> Done

Job </farmdisk1/mbonici/trained_hanyu_10000/job_loop_0_2.sh> was submitted from host <farmuisl7.ge.infn.it> by user <mbonici> in cluster <infnge>.
Job was executed on host(s) <8*e4farm04.ge.infn.it>, in queue <medium>, as user <mbonici> in cluster <infnge>.
</home/mbonici> was used as the home directory.
</home/mbonici/Effort_trainer> was used as the working directory.
Started at Sun Mar 10 05:39:30 2024
Results reported on Sun Mar 10 08:24:42 2024

Your job looked like:

------------------------------------------------------------
# LSBATCH: User input
/farmdisk1/mbonici/trained_hanyu_10000/job_loop_0_2.sh
------------------------------------------------------------

Successfully completed.

Resource usage summary:

    CPU time :                                   75005.88 sec.
    Max Memory :                                 917 MB
    Average Memory :                             872.32 MB
    Total Requested Memory :                     4096.00 MB
    Delta Memory :                               3179.00 MB
    Max Processes :                              4
    Max Threads :                                60

The output (if any) is above this job summary.



PS:

Read file </farmdisk1/mbonici/trained_hanyu_10000/job_loop_0_2.err> for stderr output of this job.

